Using pre-set license
Built from '2020.3/release' branch; Version is '2020.3.1f1 (77a89f25062f) revision 7841951'; Using compiler version '192528614'; Build Type 'Release'
OS: 'Windows 10 Pro; OS build 19044.1586; Version 2009; 64bit' Language: 'en' Physical Memory: 16303 MB
BatchMode: 1, IsHumanControllingUs: 0, StartBugReporterOnCrash: 0, Is64bit: 1, IsPro: 0

 COMMAND LINE ARGUMENTS:
D:\Tools\UnityEditors\2020.3.1f1\Editor\Unity.exe
-adb2
-batchMode
-noUpm
-name
AssetImportWorker0
-projectPath
C:/Users/Pavlo/source/repos/platformer_game_FUGAS
-logFile
Logs/AssetImportWorker0.log
-srvPort
57137
Successfully changed project path to: C:/Users/Pavlo/source/repos/platformer_game_FUGAS
C:/Users/Pavlo/source/repos/platformer_game_FUGAS
Using Asset Import Pipeline V2.
Refreshing native plugins compatible for Editor in 72.62 ms, found 1 plugins.
Preloading 0 native plugins for Editor in 0.00 ms.
Initialize engine version: 2020.3.1f1 (77a89f25062f)
[Subsystems] Discovering subsystems at path D:/Tools/UnityEditors/2020.3.1f1/Editor/Data/Resources/UnitySubsystems
[Subsystems] Discovering subsystems at path C:/Users/Pavlo/source/repos/platformer_game_FUGAS/Assets
GfxDevice: creating device client; threaded=0
Direct3D:
    Version:  Direct3D 11.0 [level 11.1]
    Renderer: NVIDIA GeForce GTX 1050 (ID=0x1c8d)
    Vendor:   
    VRAM:     1977 MB
    Driver:   30.0.14.9709
Initialize mono
Mono path[0] = 'D:/Tools/UnityEditors/2020.3.1f1/Editor/Data/Managed'
Mono path[1] = 'D:/Tools/UnityEditors/2020.3.1f1/Editor/Data/MonoBleedingEdge/lib/mono/unityjit'
Mono config path = 'D:/Tools/UnityEditors/2020.3.1f1/Editor/Data/MonoBleedingEdge/etc'
Using monoOptions --debugger-agent=transport=dt_socket,embedding=1,server=y,suspend=n,address=127.0.0.1:56388
Begin MonoManager ReloadAssembly
Registering precompiled unity dll's ...
Register platform support module: D:/Tools/UnityEditors/2020.3.1f1/Editor/Data/PlaybackEngines/WebGLSupport/UnityEditor.WebGL.Extensions.dll
Register platform support module: D:/Tools/UnityEditors/2020.3.1f1/Editor/Data/PlaybackEngines/WindowsStandaloneSupport/UnityEditor.WindowsStandalone.Extensions.dll
Registered in 0.001631 seconds.
Native extension for WindowsStandalone target not found
Native extension for WebGL target not found
Refreshing native plugins compatible for Editor in 45.57 ms, found 1 plugins.
Preloading 0 native plugins for Editor in 0.00 ms.
Invoked RoslynAnalysisRunner static constructor.
RoslynAnalysisRunner will not be running.
RoslynAnalysisRunner has terminated.
Mono: successfully reloaded assembly
- Completed reload, in  3.051 seconds
Platform modules already initialized, skipping
Registering precompiled user dll's ...
Registered in 0.003085 seconds.
Begin MonoManager ReloadAssembly
Native extension for WindowsStandalone target not found
Native extension for WebGL target not found
Refreshing native plugins compatible for Editor in 78.51 ms, found 1 plugins.
Preloading 0 native plugins for Editor in 0.00 ms.
Invoked RoslynAnalysisRunner static constructor.
RoslynAnalysisRunner will not be running.
RoslynAnalysisRunner has terminated.
Mono: successfully reloaded assembly
- Completed reload, in  1.324 seconds
Platform modules already initialized, skipping
========================================================================
Worker process is ready to serve import requests
Launched and connected shader compiler UnityShaderCompiler.exe after 0.07 seconds
Refreshing native plugins compatible for Editor in 0.65 ms, found 1 plugins.
Preloading 0 native plugins for Editor in 0.00 ms.
Unloading 1820 Unused Serialized files (Serialized files now loaded: 0)
System memory in use before: 85.5 MB.
System memory in use after: 85.5 MB.

Unloading 24 unused Assets to reduce memory usage. Loaded Objects now: 2264.
Total: 3.198600 ms (FindLiveObjects: 0.308500 ms CreateObjectMapping: 0.141300 ms MarkObjects: 2.590500 ms  DeleteObjects: 0.155800 ms)

========================================================================
Received Import Request.
  path: Assets/Art/Enviroment/PNG/Items/000_0064_heart2.png
  artifactKey: Guid(e507abca65a646d4a95616b14bb6c155) Importer(815301076,1909f56bfc062723c751e8b465ee728b)
Start importing Assets/Art/Enviroment/PNG/Items/000_0064_heart2.png using Guid(e507abca65a646d4a95616b14bb6c155) Importer(815301076,1909f56bfc062723c751e8b465ee728b)  -> (artifact id: 'a018ccb86be52297545698c228aaa2fb') in 0.511357 seconds
  Import took 0.514703 seconds .

========================================================================
Received Import Request.
  Time since last request: 0.000288 seconds.
  path: Assets/Art/Enviroment/PNG/Items/000_0001_crystal9.png
  artifactKey: Guid(ea2292d5eda4f034a97a4c705bebf318) Importer(815301076,1909f56bfc062723c751e8b465ee728b)
Start importing Assets/Art/Enviroment/PNG/Items/000_0001_crystal9.png using Guid(ea2292d5eda4f034a97a4c705bebf318) Importer(815301076,1909f56bfc062723c751e8b465ee728b)  -> (artifact id: '19447a9364d6296b76cca612955b07cb') in 0.028397 seconds
  Import took 0.034067 seconds .

========================================================================
Received Import Request.
  Time since last request: 0.000284 seconds.
  path: Assets/Art/Character/PNG/bronze_knight/1 IDLE_002.png
  artifactKey: Guid(cf97d0456abfc7c46b86527071216e03) Importer(815301076,1909f56bfc062723c751e8b465ee728b)
Start importing Assets/Art/Character/PNG/bronze_knight/1 IDLE_002.png using Guid(cf97d0456abfc7c46b86527071216e03) Importer(815301076,1909f56bfc062723c751e8b465ee728b)  -> (artifact id: '71179a0c646a42ff7298bad80cd2b81e') in 0.083649 seconds
  Import took 0.091042 seconds .

========================================================================
Received Import Request.
  Time since last request: 0.000428 seconds.
  path: Assets/Art/Enviroment/PNG/Items/000_0025_speed11.png
  artifactKey: Guid(0ddec4b292970ff418db4c3780b34203) Importer(815301076,1909f56bfc062723c751e8b465ee728b)
Start importing Assets/Art/Enviroment/PNG/Items/000_0025_speed11.png using Guid(0ddec4b292970ff418db4c3780b34203) Importer(815301076,1909f56bfc062723c751e8b465ee728b)  -> (artifact id: '1a73ee8f38737c22f25d13a29274fba7') in 0.018363 seconds
  Import took 0.023204 seconds .

========================================================================
Received Import Request.
  Time since last request: 0.000266 seconds.
  path: Assets/Art/Character/PNG/black_knight/1 IDLE_002.png
  artifactKey: Guid(db9b3b51ab2983d4b81b60ab4eb0210a) Importer(815301076,1909f56bfc062723c751e8b465ee728b)
Start importing Assets/Art/Character/PNG/black_knight/1 IDLE_002.png using Guid(db9b3b51ab2983d4b81b60ab4eb0210a) Importer(815301076,1909f56bfc062723c751e8b465ee728b)  -> (artifact id: 'a8d7aa31c4b4c313f198d670ea1316b4') in 0.027462 seconds
  Import took 0.033002 seconds .

========================================================================
Received Import Request.
  Time since last request: 0.000271 seconds.
  path: Assets/Art/Enviroment/PNG/Items/000_0028_speed8.png
  artifactKey: Guid(30e542b1e23dc2f4498614b831581db1) Importer(815301076,1909f56bfc062723c751e8b465ee728b)
Start importing Assets/Art/Enviroment/PNG/Items/000_0028_speed8.png using Guid(30e542b1e23dc2f4498614b831581db1) Importer(815301076,1909f56bfc062723c751e8b465ee728b)  -> (artifact id: '9f25f4e454d7c0686a77452da36d5727') in 0.019780 seconds
  Import took 0.024035 seconds .

========================================================================
Received Import Request.
  Time since last request: 0.000073 seconds.
  path: Assets/Art/Enviroment/PNG/Items/000_0053_hit_point3.png
  artifactKey: Guid(0e4cd0404852498469019e0c18112908) Importer(815301076,1909f56bfc062723c751e8b465ee728b)
Start importing Assets/Art/Enviroment/PNG/Items/000_0053_hit_point3.png using Guid(0e4cd0404852498469019e0c18112908) Importer(815301076,1909f56bfc062723c751e8b465ee728b)  -> (artifact id: '53207e58cc01ca04a5851844acba4bd8') in 0.017356 seconds
  Import took 0.023256 seconds .

========================================================================
Received Import Request.
  Time since last request: 0.000351 seconds.
  path: Assets/Art/Enviroment/PNG/Items/000_0045_coin.png
  artifactKey: Guid(14d0a3b30504e6340a233b2a6388b89f) Importer(815301076,1909f56bfc062723c751e8b465ee728b)
Start importing Assets/Art/Enviroment/PNG/Items/000_0045_coin.png using Guid(14d0a3b30504e6340a233b2a6388b89f) Importer(815301076,1909f56bfc062723c751e8b465ee728b)  -> (artifact id: '74c63cd6b0131ef3d6e5f12b858a8789') in 0.020066 seconds
  Import took 0.028732 seconds .

========================================================================
Received Import Request.
  Time since last request: 0.000258 seconds.
  path: Assets/Art/Enviroment/PNG/Items/000_0030_speed6.png
  artifactKey: Guid(8310bb9d57eebc544bc6c0c1b31046f7) Importer(815301076,1909f56bfc062723c751e8b465ee728b)
Start importing Assets/Art/Enviroment/PNG/Items/000_0030_speed6.png using Guid(8310bb9d57eebc544bc6c0c1b31046f7) Importer(815301076,1909f56bfc062723c751e8b465ee728b)  -> (artifact id: '54a1dbb8e5125c64504e516c7e767977') in 0.018360 seconds
  Import took 0.023767 seconds .

========================================================================
Received Import Request.
  Time since last request: 0.000328 seconds.
  path: Assets/Art/Enviroment/PNG/Items/000_0024_speed12.png
  artifactKey: Guid(0ae43e9edd3d8db42afcea9786339162) Importer(815301076,1909f56bfc062723c751e8b465ee728b)
Start importing Assets/Art/Enviroment/PNG/Items/000_0024_speed12.png using Guid(0ae43e9edd3d8db42afcea9786339162) Importer(815301076,1909f56bfc062723c751e8b465ee728b)  -> (artifact id: '0889857312ba6ab0b707520eadbff693') in 0.018545 seconds
  Import took 0.024321 seconds .

========================================================================
Received Import Request.
  Time since last request: 0.000284 seconds.
  path: Assets/Art/GUI/PNG/clouds/1.png
  artifactKey: Guid(2c64541eecba4d34a9c8c85164f06059) Importer(815301076,1909f56bfc062723c751e8b465ee728b)
Start importing Assets/Art/GUI/PNG/clouds/1.png using Guid(2c64541eecba4d34a9c8c85164f06059) Importer(815301076,1909f56bfc062723c751e8b465ee728b)  -> (artifact id: '67f2e17fee6eee7ee0501028b796d1d1') in 0.026443 seconds
  Import took 0.032797 seconds .

========================================================================
Received Import Request.
  Time since last request: 0.000304 seconds.
  path: Assets/Art/Character/PNG/silver_knight/1 IDLE_004.png
  artifactKey: Guid(1c8b02dc758ed7346a22176e50db03f4) Importer(815301076,1909f56bfc062723c751e8b465ee728b)
Start importing Assets/Art/Character/PNG/silver_knight/1 IDLE_004.png using Guid(1c8b02dc758ed7346a22176e50db03f4) Importer(815301076,1909f56bfc062723c751e8b465ee728b)  -> (artifact id: 'b1036f9c553cccff6ca91e1cf7cfc812') in 0.025037 seconds
  Import took 0.032091 seconds .

========================================================================
Received Import Request.
  Time since last request: 0.000284 seconds.
  path: Assets/Art/Enviroment/PNG/Items/000_0050_hit_point6.png
  artifactKey: Guid(f6bdc72993191514bb0c53dd84ed374b) Importer(815301076,1909f56bfc062723c751e8b465ee728b)
Start importing Assets/Art/Enviroment/PNG/Items/000_0050_hit_point6.png using Guid(f6bdc72993191514bb0c53dd84ed374b) Importer(815301076,1909f56bfc062723c751e8b465ee728b)  -> (artifact id: '1db378bb616a55f120db911a3fb8d04f') in 0.018959 seconds
  Import took 0.024304 seconds .

========================================================================
Received Import Request.
  Time since last request: 0.000400 seconds.
  path: Assets/Art/Enviroment/PNG/Items/000_0035_speed1.png
  artifactKey: Guid(b9a4fa58652d71240b75864f979659a7) Importer(815301076,1909f56bfc062723c751e8b465ee728b)
Start importing Assets/Art/Enviroment/PNG/Items/000_0035_speed1.png using Guid(b9a4fa58652d71240b75864f979659a7) Importer(815301076,1909f56bfc062723c751e8b465ee728b)  -> (artifact id: 'e00e5fb01a4ae43afb85fb7c22544055') in 0.029094 seconds
  Import took 0.036107 seconds .

========================================================================
Received Import Request.
  Time since last request: 0.000289 seconds.
  path: Assets/Art/Enviroment/PNG/Items/000_0032_speed4.png
  artifactKey: Guid(20ed0d44a81d7014c92734db876b597f) Importer(815301076,1909f56bfc062723c751e8b465ee728b)
Start importing Assets/Art/Enviroment/PNG/Items/000_0032_speed4.png using Guid(20ed0d44a81d7014c92734db876b597f) Importer(815301076,1909f56bfc062723c751e8b465ee728b)  -> (artifact id: 'ab33e36774af6a1cb5be94d348800803') in 0.017369 seconds
  Import took 0.024117 seconds .

========================================================================
Received Import Request.
  Time since last request: 0.000329 seconds.
  path: Assets/Art/Enviroment/PNG/Items/000_0059_heart7.png
  artifactKey: Guid(796a2cdfff3fa2e43a4025fe44d2991f) Importer(815301076,1909f56bfc062723c751e8b465ee728b)
Start importing Assets/Art/Enviroment/PNG/Items/000_0059_heart7.png using Guid(796a2cdfff3fa2e43a4025fe44d2991f) Importer(815301076,1909f56bfc062723c751e8b465ee728b)  -> (artifact id: '57d2fae50eb92d242b550131e28acae1') in 0.018838 seconds
  Import took 0.024086 seconds .

========================================================================
Received Import Request.
  Time since last request: 0.000259 seconds.
  path: Assets/Art/Enviroment/PNG/Items/000_0021_speed15.png
  artifactKey: Guid(8c060d9330fa2944bb9a43c23694284c) Importer(815301076,1909f56bfc062723c751e8b465ee728b)
Start importing Assets/Art/Enviroment/PNG/Items/000_0021_speed15.png using Guid(8c060d9330fa2944bb9a43c23694284c) Importer(815301076,1909f56bfc062723c751e8b465ee728b)  -> (artifact id: '38ff3e4f043ae75fa3d49b99bd92afd7') in 0.017175 seconds
  Import took 0.022938 seconds .

========================================================================
Received Import Request.
  Time since last request: 0.000406 seconds.
  path: Assets/Art/Enviroment/PNG/Items/000_0063_heart3.png
  artifactKey: Guid(5011deebe2fad6f44a6d352ec215c7e1) Importer(815301076,1909f56bfc062723c751e8b465ee728b)
Start importing Assets/Art/Enviroment/PNG/Items/000_0063_heart3.png using Guid(5011deebe2fad6f44a6d352ec215c7e1) Importer(815301076,1909f56bfc062723c751e8b465ee728b)  -> (artifact id: 'c66382962ae599a2b1974fa3cf3d4205') in 0.018155 seconds
  Import took 0.022583 seconds .

========================================================================
Received Import Request.
  Time since last request: 0.000400 seconds.
  path: Assets/Art/GUI/PNG/load_bar/1.png
  artifactKey: Guid(0357221dcff323d4c9d69705b1135ffa) Importer(815301076,1909f56bfc062723c751e8b465ee728b)
Start importing Assets/Art/GUI/PNG/load_bar/1.png using Guid(0357221dcff323d4c9d69705b1135ffa) Importer(815301076,1909f56bfc062723c751e8b465ee728b)  -> (artifact id: 'a1c37e4b6ec045131226c3c3d4258c33') in 0.015798 seconds
  Import took 0.019925 seconds .

========================================================================
Received Import Request.
  Time since last request: 0.000258 seconds.
  path: Assets/Art/Enviroment/PNG/Items/000_0036_coin10.png
  artifactKey: Guid(0bee0ee7df5e12c43bbbc6e6be716530) Importer(815301076,1909f56bfc062723c751e8b465ee728b)
Start importing Assets/Art/Enviroment/PNG/Items/000_0036_coin10.png using Guid(0bee0ee7df5e12c43bbbc6e6be716530) Importer(815301076,1909f56bfc062723c751e8b465ee728b)  -> (artifact id: 'e88b6fa80e6e35433b01ec33254f473b') in 0.015676 seconds
  Import took 0.021958 seconds .

========================================================================
Received Import Request.
  Time since last request: 0.000262 seconds.
  path: Assets/Art/Enviroment/PNG/Items/000_0004_crystal6.png
  artifactKey: Guid(bee098f0d21d1334f80427b5923fb467) Importer(815301076,1909f56bfc062723c751e8b465ee728b)
Start importing Assets/Art/Enviroment/PNG/Items/000_0004_crystal6.png using Guid(bee098f0d21d1334f80427b5923fb467) Importer(815301076,1909f56bfc062723c751e8b465ee728b)  -> (artifact id: '979a7afc835cfd3d10bdaab4bcd902b4') in 0.020097 seconds
  Import took 0.025343 seconds .

========================================================================
Received Import Request.
  Time since last request: 0.000868 seconds.
  path: Assets/Art/Enviroment/PNG/Items/000_0033_speed3.png
  artifactKey: Guid(7286e4eb8fceabd4aaac287d164588b1) Importer(815301076,1909f56bfc062723c751e8b465ee728b)
Start importing Assets/Art/Enviroment/PNG/Items/000_0033_speed3.png using Guid(7286e4eb8fceabd4aaac287d164588b1) Importer(815301076,1909f56bfc062723c751e8b465ee728b)  -> (artifact id: '26a205de82a5225a15a300157d0bb65c') in 0.017031 seconds
  Import took 0.023484 seconds .

========================================================================
Received Import Request.
  Time since last request: 0.000367 seconds.
  path: Assets/Art/Enviroment/PNG/Items/000_0058_heart8.png
  artifactKey: Guid(f579df83323b3a149b125cbd3f94a914) Importer(815301076,1909f56bfc062723c751e8b465ee728b)
Start importing Assets/Art/Enviroment/PNG/Items/000_0058_heart8.png using Guid(f579df83323b3a149b125cbd3f94a914) Importer(815301076,1909f56bfc062723c751e8b465ee728b)  -> (artifact id: 'd8ab6186cf6d713116b78fae7da18e3f') in 0.018188 seconds
  Import took 0.022484 seconds .

========================================================================
Received Import Request.
  Time since last request: 0.001190 seconds.
  path: Assets/Art/Enviroment/PNG/Items/000_0051_hit_point5.png
  artifactKey: Guid(1305c3c401aa68247a1f8b6a9a481e3d) Importer(815301076,1909f56bfc062723c751e8b465ee728b)
Start importing Assets/Art/Enviroment/PNG/Items/000_0051_hit_point5.png using Guid(1305c3c401aa68247a1f8b6a9a481e3d) Importer(815301076,1909f56bfc062723c751e8b465ee728b)  -> (artifact id: 'e70d9d81a87fa0d921273c995ef318fc') in 0.017477 seconds
  Import took 0.022816 seconds .

========================================================================
Received Import Request.
  Time since last request: 0.000334 seconds.
  path: Assets/Art/GUI/PNG/bubble/1.png
  artifactKey: Guid(71237fb79bc043d4cbfaa910a7f19369) Importer(815301076,1909f56bfc062723c751e8b465ee728b)
Start importing Assets/Art/GUI/PNG/bubble/1.png using Guid(71237fb79bc043d4cbfaa910a7f19369) Importer(815301076,1909f56bfc062723c751e8b465ee728b)  -> (artifact id: 'faa6018661f04c428996e141f0962506') in 0.015115 seconds
  Import took 0.020051 seconds .

========================================================================
Received Import Request.
  Time since last request: 0.000318 seconds.
  path: Assets/Art/Enviroment/PNG/Items/000_0065_heart.png
  artifactKey: Guid(f7298fa7e1addf64ea510665b026d30a) Importer(815301076,1909f56bfc062723c751e8b465ee728b)
Start importing Assets/Art/Enviroment/PNG/Items/000_0065_heart.png using Guid(f7298fa7e1addf64ea510665b026d30a) Importer(815301076,1909f56bfc062723c751e8b465ee728b)  -> (artifact id: '2037a96251b1db29a475ed9ef707efc1') in 0.019203 seconds
  Import took 0.024057 seconds .

========================================================================
Received Import Request.
  Time since last request: 0.000298 seconds.
  path: Assets/Art/Enviroment/PNG/Items/000_0022_speed14.png
  artifactKey: Guid(21319b258e11de1408d4ef373b39acae) Importer(815301076,1909f56bfc062723c751e8b465ee728b)
Start importing Assets/Art/Enviroment/PNG/Items/000_0022_speed14.png using Guid(21319b258e11de1408d4ef373b39acae) Importer(815301076,1909f56bfc062723c751e8b465ee728b)  -> (artifact id: '1099ff15a93d0e06dd9ae0e50747ef9e') in 0.018246 seconds
  Import took 0.023840 seconds .

========================================================================
Received Import Request.
  Time since last request: 0.000282 seconds.
  path: Assets/Art/Character/PNG/black_knight/1 IDLE_000.png
  artifactKey: Guid(a44b87eba14b80d469e33ae9547ede7b) Importer(815301076,1909f56bfc062723c751e8b465ee728b)
Start importing Assets/Art/Character/PNG/black_knight/1 IDLE_000.png using Guid(a44b87eba14b80d469e33ae9547ede7b) Importer(815301076,1909f56bfc062723c751e8b465ee728b)  -> (artifact id: '3559f3fe1123ee6254cb0783e63a68a4') in 0.022123 seconds
  Import took 0.026998 seconds .

========================================================================
Received Import Request.
  Time since last request: 0.000268 seconds.
  path: Assets/Art/GUI/PNG/shop/2.png
  artifactKey: Guid(13611944c9cf4444cb58c2d2d7ac1d67) Importer(815301076,1909f56bfc062723c751e8b465ee728b)
Start importing Assets/Art/GUI/PNG/shop/2.png using Guid(13611944c9cf4444cb58c2d2d7ac1d67) Importer(815301076,1909f56bfc062723c751e8b465ee728b)  -> (artifact id: 'd694d25160330ce41875e7bbe3b61124') in 0.037889 seconds
  Import took 0.041491 seconds .

========================================================================
Received Import Request.
  Time since last request: 0.000250 seconds.
  path: Assets/Art/Enviroment/PNG/Items/000_0046_hit_point10.png
  artifactKey: Guid(e2bd78d3b67928f42a1bd65043c218f3) Importer(815301076,1909f56bfc062723c751e8b465ee728b)
Start importing Assets/Art/Enviroment/PNG/Items/000_0046_hit_point10.png using Guid(e2bd78d3b67928f42a1bd65043c218f3) Importer(815301076,1909f56bfc062723c751e8b465ee728b)  -> (artifact id: 'f9a19f5339b63d7dc04e988dd7eb568b') in 0.017437 seconds
  Import took 0.024720 seconds .

========================================================================
Received Import Request.
  Time since last request: 0.000236 seconds.
  path: Assets/Art/Character/PNG/black_knight/2 WALK_003.png
  artifactKey: Guid(f9c80d3c9c43d9e48891e002263d7891) Importer(815301076,1909f56bfc062723c751e8b465ee728b)
Start importing Assets/Art/Character/PNG/black_knight/2 WALK_003.png using Guid(f9c80d3c9c43d9e48891e002263d7891) Importer(815301076,1909f56bfc062723c751e8b465ee728b)  -> (artifact id: 'e05918ab0f004a9866701db429bc862c') in 0.028725 seconds
  Import took 0.033051 seconds .

========================================================================
Received Import Request.
  Time since last request: 0.000088 seconds.
  path: Assets/Art/Character/PNG/silver_knight/3 RUN_000.png
  artifactKey: Guid(6ef86ff1e980d1b45b955392467d3d4d) Importer(815301076,1909f56bfc062723c751e8b465ee728b)
Start importing Assets/Art/Character/PNG/silver_knight/3 RUN_000.png using Guid(6ef86ff1e980d1b45b955392467d3d4d) Importer(815301076,1909f56bfc062723c751e8b465ee728b)  -> (artifact id: 'b16619c201d1a17a757d2b4c202772c9') in 0.028331 seconds
  Import took 0.037572 seconds .

========================================================================
Received Import Request.
  Time since last request: 0.000231 seconds.
  path: Assets/Art/Character/GIF/2D-Game-2KNIGHT-Character-Free-Sprites-Sheets-Recovered.gif
  artifactKey: Guid(f11cbd904cd9d2b4187a10ac62e5313d) Importer(815301076,1909f56bfc062723c751e8b465ee728b)
Start importing Assets/Art/Character/GIF/2D-Game-2KNIGHT-Character-Free-Sprites-Sheets-Recovered.gif using Guid(f11cbd904cd9d2b4187a10ac62e5313d) Importer(815301076,1909f56bfc062723c751e8b465ee728b)  -> (artifact id: '82fa64c3c5d501cc8c5f733c216717b1') in 0.033022 seconds
  Import took 0.039904 seconds .

========================================================================
Received Import Request.
  Time since last request: 0.000293 seconds.
  path: Assets/Art/GUI/PNG/load_bar/3.png
  artifactKey: Guid(f65b0d5a261659c4da2e582716558448) Importer(815301076,1909f56bfc062723c751e8b465ee728b)
Start importing Assets/Art/GUI/PNG/load_bar/3.png using Guid(f65b0d5a261659c4da2e582716558448) Importer(815301076,1909f56bfc062723c751e8b465ee728b)  -> (artifact id: '09820c970ff1fd8efbd6a8a50c4fc862') in 0.017931 seconds
  Import took 0.023971 seconds .

========================================================================
Received Import Request.
  Time since last request: 0.000151 seconds.
  path: Assets/Art/Character/GIF/2D-Game-3KNIGHT-Character-Free-Sprites-Sheets-Recovered.gif
  artifactKey: Guid(d5eb47f3a1f007242ad9f7d9ab811538) Importer(815301076,1909f56bfc062723c751e8b465ee728b)
Start importing Assets/Art/Character/GIF/2D-Game-3KNIGHT-Character-Free-Sprites-Sheets-Recovered.gif using Guid(d5eb47f3a1f007242ad9f7d9ab811538) Importer(815301076,1909f56bfc062723c751e8b465ee728b)  -> (artifact id: 'eee75867c890526e6de16121fc31f20c') in 0.025590 seconds
  Import took 0.031547 seconds .

========================================================================
Received Import Request.
  Time since last request: 0.000269 seconds.
  path: Assets/Art/Character/PNG/black_knight/3 RUN_002.png
  artifactKey: Guid(efa757b4b9d74a342a553875fb57a0c1) Importer(815301076,1909f56bfc062723c751e8b465ee728b)
Start importing Assets/Art/Character/PNG/black_knight/3 RUN_002.png using Guid(efa757b4b9d74a342a553875fb57a0c1) Importer(815301076,1909f56bfc062723c751e8b465ee728b)  -> (artifact id: '98be9a5fbf33c9e810d994c84183d326') in 0.023343 seconds
  Import took 0.029149 seconds .

========================================================================
Received Import Request.
  Time since last request: 0.000137 seconds.
  path: Assets/Art/GUI/PNG/shop/3.png
  artifactKey: Guid(ccb0218b429729e4ebc32a811b3441ac) Importer(815301076,1909f56bfc062723c751e8b465ee728b)
Start importing Assets/Art/GUI/PNG/shop/3.png using Guid(ccb0218b429729e4ebc32a811b3441ac) Importer(815301076,1909f56bfc062723c751e8b465ee728b)  -> (artifact id: '1f734aa239cf8a255ebb38a8e9d5cc97') in 0.027675 seconds
  Import took 0.032514 seconds .

========================================================================
Received Import Request.
  Time since last request: 0.000262 seconds.
  path: Assets/Art/Character/PNG/silver_knight/2 WALK_003.png
  artifactKey: Guid(4d4bd89f2e9dd904b8b26093ea785837) Importer(815301076,1909f56bfc062723c751e8b465ee728b)
Start importing Assets/Art/Character/PNG/silver_knight/2 WALK_003.png using Guid(4d4bd89f2e9dd904b8b26093ea785837) Importer(815301076,1909f56bfc062723c751e8b465ee728b)  -> (artifact id: 'acedd51a55e3b3f12624f18455b029c7') in 0.023946 seconds
  Import took 0.028388 seconds .

========================================================================
Received Import Request.
  Time since last request: 0.000250 seconds.
  path: Assets/Art/Enviroment/PNG/Items/000_0020_speed16.png
  artifactKey: Guid(c562448d0c38d6c4a872f23824916d5e) Importer(815301076,1909f56bfc062723c751e8b465ee728b)
Start importing Assets/Art/Enviroment/PNG/Items/000_0020_speed16.png using Guid(c562448d0c38d6c4a872f23824916d5e) Importer(815301076,1909f56bfc062723c751e8b465ee728b)  -> (artifact id: '996f1e5d258cb1fd00446b4b4493f68f') in 0.021040 seconds
  Import took 0.027451 seconds .

========================================================================
Received Import Request.
  Time since last request: 0.000380 seconds.
  path: Assets/Art/Enviroment/PNG/Items/000_0037_coin9.png
  artifactKey: Guid(826bf6f732e291a4eb796fa0df60f5e4) Importer(815301076,1909f56bfc062723c751e8b465ee728b)
Start importing Assets/Art/Enviroment/PNG/Items/000_0037_coin9.png using Guid(826bf6f732e291a4eb796fa0df60f5e4) Importer(815301076,1909f56bfc062723c751e8b465ee728b)  -> (artifact id: '6d479d48a15c58ec7d3576883cc48851') in 0.018642 seconds
  Import took 0.024541 seconds .

========================================================================
Received Import Request.
  Time since last request: 0.000324 seconds.
  path: Assets/Art/Character/PNG/silver_knight/3 RUN_002.png
  artifactKey: Guid(cee26a5a98f833b4d8ad938ecc8175d8) Importer(815301076,1909f56bfc062723c751e8b465ee728b)
Start importing Assets/Art/Character/PNG/silver_knight/3 RUN_002.png using Guid(cee26a5a98f833b4d8ad938ecc8175d8) Importer(815301076,1909f56bfc062723c751e8b465ee728b)  -> (artifact id: 'bddc883a31cbd1d091ab8d510408e4cd') in 0.022736 seconds
  Import took 0.028724 seconds .

========================================================================
Received Import Request.
  Time since last request: 0.000252 seconds.
  path: Assets/Art/Character/PNG/bronze_knight/2 WALK_003.png
  artifactKey: Guid(b45b7693a2e18444fa483f7ae7186b21) Importer(815301076,1909f56bfc062723c751e8b465ee728b)
Start importing Assets/Art/Character/PNG/bronze_knight/2 WALK_003.png using Guid(b45b7693a2e18444fa483f7ae7186b21) Importer(815301076,1909f56bfc062723c751e8b465ee728b)  -> (artifact id: '6ec22cf7ce59c5c5c4d606d268e43b76') in 0.027766 seconds
  Import took 0.033819 seconds .

========================================================================
Received Import Request.
  Time since last request: 0.000298 seconds.
  path: Assets/Art/Enviroment/PNG/Items/000_0007_crystal3.png
  artifactKey: Guid(87668fef3301689478e26bbea8938289) Importer(815301076,1909f56bfc062723c751e8b465ee728b)
Start importing Assets/Art/Enviroment/PNG/Items/000_0007_crystal3.png using Guid(87668fef3301689478e26bbea8938289) Importer(815301076,1909f56bfc062723c751e8b465ee728b)  -> (artifact id: 'ae2b2427d8d17a7468bfe388ab439b89') in 0.016895 seconds
  Import took 0.021169 seconds .

========================================================================
Received Import Request.
  Time since last request: 0.000248 seconds.
  path: Assets/Art/Character/PNG/silver_knight/2 WALK_002.png
  artifactKey: Guid(f10ecc53072cf95468f079d5a739483b) Importer(815301076,1909f56bfc062723c751e8b465ee728b)
Start importing Assets/Art/Character/PNG/silver_knight/2 WALK_002.png using Guid(f10ecc53072cf95468f079d5a739483b) Importer(815301076,1909f56bfc062723c751e8b465ee728b)  -> (artifact id: 'd2c164880a02e173c0151fd6cfd188d5') in 0.023133 seconds
  Import took 0.027585 seconds .

========================================================================
Received Import Request.
  Time since last request: 0.000241 seconds.
  path: Assets/Art/Character/PNG/black_knight/1 IDLE_004.png
  artifactKey: Guid(e42c4070ad0705b4ea2d24bb93e5849a) Importer(815301076,1909f56bfc062723c751e8b465ee728b)
Start importing Assets/Art/Character/PNG/black_knight/1 IDLE_004.png using Guid(e42c4070ad0705b4ea2d24bb93e5849a) Importer(815301076,1909f56bfc062723c751e8b465ee728b)  -> (artifact id: 'a09324d12dbaeee66a70f95a8ec33009') in 0.021617 seconds
  Import took 0.025890 seconds .

========================================================================
Received Import Request.
  Time since last request: 0.000315 seconds.
  path: Assets/Art/Character/PNG/black_knight/3 RUN_004.png
  artifactKey: Guid(e5ac5a70558dfac47a3ce0c00f60999d) Importer(815301076,1909f56bfc062723c751e8b465ee728b)
Start importing Assets/Art/Character/PNG/black_knight/3 RUN_004.png using Guid(e5ac5a70558dfac47a3ce0c00f60999d) Importer(815301076,1909f56bfc062723c751e8b465ee728b)  -> (artifact id: '3fee408926395cbfca9817c7ae1b728c') in 0.022033 seconds
  Import took 0.026273 seconds .

========================================================================
Received Import Request.
  Time since last request: 0.000294 seconds.
  path: Assets/Art/Character/PNG/bronze_knight/2 WALK_002.png
  artifactKey: Guid(e743c9076bd1e144c84bc9d3632f72f8) Importer(815301076,1909f56bfc062723c751e8b465ee728b)
Start importing Assets/Art/Character/PNG/bronze_knight/2 WALK_002.png using Guid(e743c9076bd1e144c84bc9d3632f72f8) Importer(815301076,1909f56bfc062723c751e8b465ee728b)  -> (artifact id: '088516c45abcbacd4c8de12364cd2610') in 0.021773 seconds
  Import took 0.026926 seconds .

========================================================================
Received Import Request.
  Time since last request: 0.000291 seconds.
  path: Assets/Art/Enviroment/PNG/Items/000_0026_speed10.png
  artifactKey: Guid(881b8d5ce5f09ec45bd2c97d0b1adaf5) Importer(815301076,1909f56bfc062723c751e8b465ee728b)
Start importing Assets/Art/Enviroment/PNG/Items/000_0026_speed10.png using Guid(881b8d5ce5f09ec45bd2c97d0b1adaf5) Importer(815301076,1909f56bfc062723c751e8b465ee728b)  -> (artifact id: 'bc83cb727a2caccb7870da8a1e592c82') in 0.016948 seconds
  Import took 0.021374 seconds .

========================================================================
Received Import Request.
  Time since last request: 0.000249 seconds.
  path: Assets/Art/Enviroment/PNG/Items/000_0012_star8.png
  artifactKey: Guid(54bf6d90cd88d6545bd9f265aa2a5897) Importer(815301076,1909f56bfc062723c751e8b465ee728b)
Start importing Assets/Art/Enviroment/PNG/Items/000_0012_star8.png using Guid(54bf6d90cd88d6545bd9f265aa2a5897) Importer(815301076,1909f56bfc062723c751e8b465ee728b)  -> (artifact id: 'df88249b587aa58501b3585c87dc9dc7') in 0.019885 seconds
  Import took 0.025473 seconds .

========================================================================
Received Import Request.
  Time since last request: 0.000411 seconds.
  path: Assets/Art/Enviroment/PNG/Items/000_0013_star7.png
  artifactKey: Guid(9dc90b1e4ddd9304d85df9f5fe13c12a) Importer(815301076,1909f56bfc062723c751e8b465ee728b)
Start importing Assets/Art/Enviroment/PNG/Items/000_0013_star7.png using Guid(9dc90b1e4ddd9304d85df9f5fe13c12a) Importer(815301076,1909f56bfc062723c751e8b465ee728b)  -> (artifact id: '709c1efd13909bcd22e4bc2f55b1fee9') in 0.018075 seconds
  Import took 0.025729 seconds .

========================================================================
Received Import Request.
  Time since last request: 0.000931 seconds.
  path: Assets/Art/Enviroment/PNG/Items/000_0029_speed7.png
  artifactKey: Guid(a40375e142e0349458e11d418205a8ea) Importer(815301076,1909f56bfc062723c751e8b465ee728b)
Start importing Assets/Art/Enviroment/PNG/Items/000_0029_speed7.png using Guid(a40375e142e0349458e11d418205a8ea) Importer(815301076,1909f56bfc062723c751e8b465ee728b)  -> (artifact id: '402b002250f8717c12b2bb9712f96a8e') in 0.065313 seconds
  Import took 0.077960 seconds .

========================================================================
Received Import Request.
  Time since last request: 0.000318 seconds.
  path: Assets/Art/Enviroment/PNG/Items/000_0017_star3.png
  artifactKey: Guid(4e129eb1b5dbd9c4f93e40f130558b43) Importer(815301076,1909f56bfc062723c751e8b465ee728b)
Start importing Assets/Art/Enviroment/PNG/Items/000_0017_star3.png using Guid(4e129eb1b5dbd9c4f93e40f130558b43) Importer(815301076,1909f56bfc062723c751e8b465ee728b)  -> (artifact id: 'ee2819649e4ae123b632204ca11ba385') in 0.019488 seconds
  Import took 0.026922 seconds .

========================================================================
Received Import Request.
  Time since last request: 0.000300 seconds.
  path: Assets/Art/Character/PNG/black_knight/2 WALK_002.png
  artifactKey: Guid(7b6163bf3e855a5449936c39c7e1a20e) Importer(815301076,1909f56bfc062723c751e8b465ee728b)
Start importing Assets/Art/Character/PNG/black_knight/2 WALK_002.png using Guid(7b6163bf3e855a5449936c39c7e1a20e) Importer(815301076,1909f56bfc062723c751e8b465ee728b)  -> (artifact id: 'd1be9922e90a787f4f21db86af8448aa') in 0.023336 seconds
  Import took 0.027911 seconds .

========================================================================
Received Import Request.
  Time since last request: 0.000384 seconds.
  path: Assets/Art/Enviroment/PNG/Items/000_0039_coin7.png
  artifactKey: Guid(e17e22b6ee7d4d040819340288721931) Importer(815301076,1909f56bfc062723c751e8b465ee728b)
Start importing Assets/Art/Enviroment/PNG/Items/000_0039_coin7.png using Guid(e17e22b6ee7d4d040819340288721931) Importer(815301076,1909f56bfc062723c751e8b465ee728b)  -> (artifact id: '0b12d91e860e019a537f76bcbbbe466a') in 0.019937 seconds
  Import took 0.025309 seconds .

========================================================================
Received Import Request.
  Time since last request: 0.000271 seconds.
  path: Assets/Art/Enviroment/PNG/Items/000_0031_speed5.png
  artifactKey: Guid(9345b3d52e0af89458b8e768a70dbf6b) Importer(815301076,1909f56bfc062723c751e8b465ee728b)
Start importing Assets/Art/Enviroment/PNG/Items/000_0031_speed5.png using Guid(9345b3d52e0af89458b8e768a70dbf6b) Importer(815301076,1909f56bfc062723c751e8b465ee728b)  -> (artifact id: 'ee710ccba8dfa41a769a762a94f3e3a9') in 0.018281 seconds
  Import took 0.022759 seconds .

========================================================================
Received Import Request.
  Time since last request: 0.000288 seconds.
  path: Assets/Art/Enviroment/PNG/Items/000_0062_heart4.png
  artifactKey: Guid(2e62be2459dad034fb56e0ce389eb3a8) Importer(815301076,1909f56bfc062723c751e8b465ee728b)
Start importing Assets/Art/Enviroment/PNG/Items/000_0062_heart4.png using Guid(2e62be2459dad034fb56e0ce389eb3a8) Importer(815301076,1909f56bfc062723c751e8b465ee728b)  -> (artifact id: '44fb9504d6d2333ccccf857994d9b961') in 0.024379 seconds
  Import took 0.030048 seconds .

========================================================================
Received Import Request.
  Time since last request: 0.000277 seconds.
  path: Assets/Art/Character/PNG/bronze_knight/2 WALK_000.png
  artifactKey: Guid(71d4708c30c0eaf4da6f9463d08ad9a6) Importer(815301076,1909f56bfc062723c751e8b465ee728b)
Start importing Assets/Art/Character/PNG/bronze_knight/2 WALK_000.png using Guid(71d4708c30c0eaf4da6f9463d08ad9a6) Importer(815301076,1909f56bfc062723c751e8b465ee728b)  -> (artifact id: '82dc37fc2c4aaa2a28720f85a1288a98') in 0.023902 seconds
  Import took 0.028918 seconds .

========================================================================
Received Import Request.
  Time since last request: 0.000292 seconds.
  path: Assets/Art/GUI/PNG/bubble/3.png
  artifactKey: Guid(7b01c13e5f44853478a171b40b1e99e1) Importer(815301076,1909f56bfc062723c751e8b465ee728b)
Start importing Assets/Art/GUI/PNG/bubble/3.png using Guid(7b01c13e5f44853478a171b40b1e99e1) Importer(815301076,1909f56bfc062723c751e8b465ee728b)  -> (artifact id: '6f018fecac9db283e5222541811111e1') in 0.021375 seconds
  Import took 0.026609 seconds .

========================================================================
Received Import Request.
  Time since last request: 0.000356 seconds.
  path: Assets/Art/Enviroment/PNG/Items/000_0010_star10.png
  artifactKey: Guid(c2231a916d8f0f447b5f5505ae125d5e) Importer(815301076,1909f56bfc062723c751e8b465ee728b)
Start importing Assets/Art/Enviroment/PNG/Items/000_0010_star10.png using Guid(c2231a916d8f0f447b5f5505ae125d5e) Importer(815301076,1909f56bfc062723c751e8b465ee728b)  -> (artifact id: '0c12a24e140e9e6006c7dd90a6415744') in 0.018550 seconds
  Import took 0.023450 seconds .

========================================================================
Received Import Request.
  Time since last request: 0.000291 seconds.
  path: Assets/Art/Enviroment/PNG/Items/000_0003_crystal7.png
  artifactKey: Guid(431afbe8483e7cd4281a1c3860143634) Importer(815301076,1909f56bfc062723c751e8b465ee728b)
Start importing Assets/Art/Enviroment/PNG/Items/000_0003_crystal7.png using Guid(431afbe8483e7cd4281a1c3860143634) Importer(815301076,1909f56bfc062723c751e8b465ee728b)  -> (artifact id: '7da1a517144c893f0df357bb2227194f') in 0.017924 seconds
  Import took 0.023265 seconds .

========================================================================
Received Import Request.
  Time since last request: 0.000292 seconds.
  path: Assets/Art/Character/PNG/bronze_knight/3 RUN_003.png
  artifactKey: Guid(22865617f0f7cd24a8bbce7785270ac5) Importer(815301076,1909f56bfc062723c751e8b465ee728b)
Start importing Assets/Art/Character/PNG/bronze_knight/3 RUN_003.png using Guid(22865617f0f7cd24a8bbce7785270ac5) Importer(815301076,1909f56bfc062723c751e8b465ee728b)  -> (artifact id: 'c35e4be522e3a72f982f8602ad3f97ad') in 0.023526 seconds
  Import took 0.027469 seconds .

========================================================================
Received Import Request.
  Time since last request: 0.000238 seconds.
  path: Assets/Art/Enviroment/PNG/Items/000_0006_crystal4.png
  artifactKey: Guid(b817dbec910b9e8499b95e41bf441461) Importer(815301076,1909f56bfc062723c751e8b465ee728b)
Start importing Assets/Art/Enviroment/PNG/Items/000_0006_crystal4.png using Guid(b817dbec910b9e8499b95e41bf441461) Importer(815301076,1909f56bfc062723c751e8b465ee728b)  -> (artifact id: '51635aa246bb95ae6ab41e042e0ab11e') in 0.019354 seconds
  Import took 0.023057 seconds .

========================================================================
Received Import Request.
  Time since last request: 0.000347 seconds.
  path: Assets/Art/GUI/PNG/btn/01.png
  artifactKey: Guid(4fc66788c9bd67440abf55e2a28cb1a8) Importer(815301076,1909f56bfc062723c751e8b465ee728b)
Start importing Assets/Art/GUI/PNG/btn/01.png using Guid(4fc66788c9bd67440abf55e2a28cb1a8) Importer(815301076,1909f56bfc062723c751e8b465ee728b)  -> (artifact id: 'c6443ba795a01b1f4d6be8b577137135') in 0.021066 seconds
  Import took 0.028857 seconds .

========================================================================
Received Import Request.
  Time since last request: 0.000228 seconds.
  path: Assets/Art/Character/PNG/black_knight/2 WALK_001.png
  artifactKey: Guid(5668b1327248e654e818420bc76cd2e4) Importer(815301076,1909f56bfc062723c751e8b465ee728b)
Start importing Assets/Art/Character/PNG/black_knight/2 WALK_001.png using Guid(5668b1327248e654e818420bc76cd2e4) Importer(815301076,1909f56bfc062723c751e8b465ee728b)  -> (artifact id: '9ba6e636672b664a53889aabf81cd70a') in 0.025386 seconds
  Import took 0.030460 seconds .

========================================================================
Received Import Request.
  Time since last request: 0.000347 seconds.
  path: Assets/Art/Character/PNG/silver_knight/3 RUN_003.png
  artifactKey: Guid(696b2079c054d5a4f954eb9d0fec8c48) Importer(815301076,1909f56bfc062723c751e8b465ee728b)
Start importing Assets/Art/Character/PNG/silver_knight/3 RUN_003.png using Guid(696b2079c054d5a4f954eb9d0fec8c48) Importer(815301076,1909f56bfc062723c751e8b465ee728b)  -> (artifact id: 'b93af55928a3106c870fffe8fcc70eee') in 0.024357 seconds
  Import took 0.029124 seconds .

========================================================================
Received Import Request.
  Time since last request: 0.000281 seconds.
  path: Assets/Art/Character/PNG/black_knight/2 WALK_000.png
  artifactKey: Guid(304c3bf81e403fe40afb978982833036) Importer(815301076,1909f56bfc062723c751e8b465ee728b)
Start importing Assets/Art/Character/PNG/black_knight/2 WALK_000.png using Guid(304c3bf81e403fe40afb978982833036) Importer(815301076,1909f56bfc062723c751e8b465ee728b)  -> (artifact id: '1e9bbb331c2d0121ca6869a9d9e1ee92') in 0.021878 seconds
  Import took 0.026300 seconds .

========================================================================
Received Import Request.
  Time since last request: 0.000323 seconds.
  path: Assets/Art/Enviroment/PNG/Items/000_0056_heart10.png
  artifactKey: Guid(da4188ac99544384c89e5e639e838af3) Importer(815301076,1909f56bfc062723c751e8b465ee728b)
Start importing Assets/Art/Enviroment/PNG/Items/000_0056_heart10.png using Guid(da4188ac99544384c89e5e639e838af3) Importer(815301076,1909f56bfc062723c751e8b465ee728b)  -> (artifact id: '88829f63e6d32b40f0862fb153c14788') in 0.017826 seconds
  Import took 0.023362 seconds .

========================================================================
Received Import Request.
  Time since last request: 0.000255 seconds.
  path: Assets/Art/GUI/PNG/clouds/4.png
  artifactKey: Guid(51d48f0edce438349a397164be6e7a96) Importer(815301076,1909f56bfc062723c751e8b465ee728b)
Start importing Assets/Art/GUI/PNG/clouds/4.png using Guid(51d48f0edce438349a397164be6e7a96) Importer(815301076,1909f56bfc062723c751e8b465ee728b)  -> (artifact id: 'f106a63049ebca1f482bd3e9ff40f8f3') in 0.023296 seconds
  Import took 0.029887 seconds .

========================================================================
Received Import Request.
  Time since last request: 0.000074 seconds.
  path: Assets/Art/Character/PNG/silver_knight/3 RUN_001.png
  artifactKey: Guid(b0a63676395244b4896983ddbfb7209e) Importer(815301076,1909f56bfc062723c751e8b465ee728b)
Start importing Assets/Art/Character/PNG/silver_knight/3 RUN_001.png using Guid(b0a63676395244b4896983ddbfb7209e) Importer(815301076,1909f56bfc062723c751e8b465ee728b)  -> (artifact id: 'c2bd79ce7005b6bf3a51c90507b6b546') in 0.023091 seconds
  Import took 0.030522 seconds .

========================================================================
Received Import Request.
  Time since last request: 0.000371 seconds.
  path: Assets/Art/Enviroment/PNG/Items/000_0049_hit_point7.png
  artifactKey: Guid(dffca2a70f559a94894fe8190e5f844f) Importer(815301076,1909f56bfc062723c751e8b465ee728b)
Start importing Assets/Art/Enviroment/PNG/Items/000_0049_hit_point7.png using Guid(dffca2a70f559a94894fe8190e5f844f) Importer(815301076,1909f56bfc062723c751e8b465ee728b)  -> (artifact id: 'b2a87290a64df77d9c6465e4c2e52ff4') in 0.017242 seconds
  Import took 0.022579 seconds .

========================================================================
Received Import Request.
  Time since last request: 0.000266 seconds.
  path: Assets/Art/Enviroment/PNG/Items/000_0043_coin3.png
  artifactKey: Guid(33e3d7cb4350b9b4b86d46cb9b3a42ed) Importer(815301076,1909f56bfc062723c751e8b465ee728b)
Start importing Assets/Art/Enviroment/PNG/Items/000_0043_coin3.png using Guid(33e3d7cb4350b9b4b86d46cb9b3a42ed) Importer(815301076,1909f56bfc062723c751e8b465ee728b)  -> (artifact id: '21606b8b1ad4f60686f5ef5bfc5c741d') in 0.029815 seconds
  Import took 0.035475 seconds .

========================================================================
Received Import Request.
  Time since last request: 0.000269 seconds.
  path: Assets/Art/Character/PNG/silver_knight/1 IDLE_003.png
  artifactKey: Guid(f1b757fadf0b1f04cab8653ecf23a83b) Importer(815301076,1909f56bfc062723c751e8b465ee728b)
Start importing Assets/Art/Character/PNG/silver_knight/1 IDLE_003.png using Guid(f1b757fadf0b1f04cab8653ecf23a83b) Importer(815301076,1909f56bfc062723c751e8b465ee728b)  -> (artifact id: 'b1d1cf12eb34b8a9213374f13d03a96a') in 0.022488 seconds
  Import took 0.027809 seconds .

========================================================================
Received Import Request.
  Time since last request: 0.000275 seconds.
  path: Assets/Art/Character/PNG/bronze_knight/1 IDLE_001.png
  artifactKey: Guid(cfe471176c44ab24983a906ba65b2053) Importer(815301076,1909f56bfc062723c751e8b465ee728b)
Start importing Assets/Art/Character/PNG/bronze_knight/1 IDLE_001.png using Guid(cfe471176c44ab24983a906ba65b2053) Importer(815301076,1909f56bfc062723c751e8b465ee728b)  -> (artifact id: '24760c229e114da5fb45028261c979ef') in 0.024180 seconds
  Import took 0.031317 seconds .

========================================================================
Received Import Request.
  Time since last request: 0.000354 seconds.
  path: Assets/Art/Enviroment/PNG/Items/000_0038_coin8.png
  artifactKey: Guid(5211c953ae484274e99da2a372febf8f) Importer(815301076,1909f56bfc062723c751e8b465ee728b)
Start importing Assets/Art/Enviroment/PNG/Items/000_0038_coin8.png using Guid(5211c953ae484274e99da2a372febf8f) Importer(815301076,1909f56bfc062723c751e8b465ee728b)  -> (artifact id: '546180727673a7dfc0d4940040553ea2') in 0.020195 seconds
  Import took 0.025318 seconds .

========================================================================
Received Import Request.
  Time since last request: 0.000315 seconds.
  path: Assets/Art/Enviroment/PNG/Items/000_0002_crystal8.png
  artifactKey: Guid(8cbcac6c7bb28de49acc1e8bd223316f) Importer(815301076,1909f56bfc062723c751e8b465ee728b)
Start importing Assets/Art/Enviroment/PNG/Items/000_0002_crystal8.png using Guid(8cbcac6c7bb28de49acc1e8bd223316f) Importer(815301076,1909f56bfc062723c751e8b465ee728b)  -> (artifact id: '756b51aea733612d928ac38457d83d54') in 0.020586 seconds
  Import took 0.026942 seconds .

========================================================================
Received Import Request.
  Time since last request: 0.000295 seconds.
  path: Assets/Art/Enviroment/PNG/Items/000_0008_crystal2.png
  artifactKey: Guid(bb91059b893996748b28a0d1d471688e) Importer(815301076,1909f56bfc062723c751e8b465ee728b)
Start importing Assets/Art/Enviroment/PNG/Items/000_0008_crystal2.png using Guid(bb91059b893996748b28a0d1d471688e) Importer(815301076,1909f56bfc062723c751e8b465ee728b)  -> (artifact id: '8195455b596dae4b1974361bf7c57e27') in 0.019056 seconds
  Import took 0.024625 seconds .

========================================================================
Received Import Request.
  Time since last request: 0.000089 seconds.
  path: Assets/Art/Enviroment/PNG/Items/000_0047_hit_point9.png
  artifactKey: Guid(4e98f431e222aa949a1f8927b1b5de28) Importer(815301076,1909f56bfc062723c751e8b465ee728b)
Start importing Assets/Art/Enviroment/PNG/Items/000_0047_hit_point9.png using Guid(4e98f431e222aa949a1f8927b1b5de28) Importer(815301076,1909f56bfc062723c751e8b465ee728b)  -> (artifact id: 'e5056fc66760d24e630603bc98df4ead') in 0.018594 seconds
  Import took 0.025059 seconds .

========================================================================
Received Import Request.
  Time since last request: 0.000314 seconds.
  path: Assets/Art/Enviroment/PNG/Items/000_0019_star1.png
  artifactKey: Guid(72968960602d3f340b1c3732d174ad56) Importer(815301076,1909f56bfc062723c751e8b465ee728b)
Start importing Assets/Art/Enviroment/PNG/Items/000_0019_star1.png using Guid(72968960602d3f340b1c3732d174ad56) Importer(815301076,1909f56bfc062723c751e8b465ee728b)  -> (artifact id: 'c1121238a5a87cc39e5a86a7c8ad96fc') in 0.020436 seconds
  Import took 0.025154 seconds .

========================================================================
Received Import Request.
  Time since last request: 0.000148 seconds.
  path: Assets/Art/Character/PNG/bronze_knight/1 IDLE_003.png
  artifactKey: Guid(42dc9fe8bb9509741a956626fdea9ada) Importer(815301076,1909f56bfc062723c751e8b465ee728b)
Start importing Assets/Art/Character/PNG/bronze_knight/1 IDLE_003.png using Guid(42dc9fe8bb9509741a956626fdea9ada) Importer(815301076,1909f56bfc062723c751e8b465ee728b)  -> (artifact id: 'bf100bfcd39ea48170bd20f1df97411e') in 0.021676 seconds
  Import took 0.028314 seconds .

========================================================================
Received Import Request.
  Time since last request: 0.000244 seconds.
  path: Assets/Art/Character/PNG/silver_knight/1 IDLE_001.png
  artifactKey: Guid(38fe546203ab7f5418046bd58b8fd29d) Importer(815301076,1909f56bfc062723c751e8b465ee728b)
Start importing Assets/Art/Character/PNG/silver_knight/1 IDLE_001.png using Guid(38fe546203ab7f5418046bd58b8fd29d) Importer(815301076,1909f56bfc062723c751e8b465ee728b)  -> (artifact id: 'a90b783c69da8d199f0f6536c7d332d6') in 0.025645 seconds
  Import took 0.031638 seconds .

========================================================================
Received Import Request.
  Time since last request: 0.000224 seconds.
  path: Assets/Art/GUI/PNG/bubble/2.png
  artifactKey: Guid(aaf0729b1ec33554ab4915f4725c57a3) Importer(815301076,1909f56bfc062723c751e8b465ee728b)
Start importing Assets/Art/GUI/PNG/bubble/2.png using Guid(aaf0729b1ec33554ab4915f4725c57a3) Importer(815301076,1909f56bfc062723c751e8b465ee728b)  -> (artifact id: 'ff4b57ffd8a772601bd6be4a55d9b423') in 0.019300 seconds
  Import took 0.025099 seconds .

========================================================================
Received Import Request.
  Time since last request: 0.000216 seconds.
  path: Assets/Art/Character/PNG/bronze_knight/1 IDLE_000.png
  artifactKey: Guid(977430289817dc14f8b47cd24e676cd3) Importer(815301076,1909f56bfc062723c751e8b465ee728b)
Start importing Assets/Art/Character/PNG/bronze_knight/1 IDLE_000.png using Guid(977430289817dc14f8b47cd24e676cd3) Importer(815301076,1909f56bfc062723c751e8b465ee728b)  -> (artifact id: '3a8e178e0c3a776978862ff500ad8c75') in 0.027071 seconds
  Import took 0.032423 seconds .

========================================================================
Received Import Request.
  Time since last request: 0.000247 seconds.
  path: Assets/Art/Character/PNG/bronze_knight/3 RUN_002.png
  artifactKey: Guid(b5a37bc795feb6b4186ffffe768194ba) Importer(815301076,1909f56bfc062723c751e8b465ee728b)
Start importing Assets/Art/Character/PNG/bronze_knight/3 RUN_002.png using Guid(b5a37bc795feb6b4186ffffe768194ba) Importer(815301076,1909f56bfc062723c751e8b465ee728b)  -> (artifact id: 'a21f3ae0580d5d32e1dec065fbe7aafd') in 0.016687 seconds
  Import took 0.021461 seconds .

========================================================================
Received Import Request.
  Time since last request: 0.000246 seconds.
  path: Assets/Art/Enviroment/PNG/Items/000_0060_heart6.png
  artifactKey: Guid(c9c188492f3c90f4b9e59ceb960c76b4) Importer(815301076,1909f56bfc062723c751e8b465ee728b)
Start importing Assets/Art/Enviroment/PNG/Items/000_0060_heart6.png using Guid(c9c188492f3c90f4b9e59ceb960c76b4) Importer(815301076,1909f56bfc062723c751e8b465ee728b)  -> (artifact id: '24ff434cfab52e87d117dd370eb824cd') in 0.018933 seconds
  Import took 0.024790 seconds .

========================================================================
Received Import Request.
  Time since last request: 0.000320 seconds.
  path: Assets/Art/Enviroment/PNG/Items/000_0055_hit_point.png
  artifactKey: Guid(8f38992cbb064c54e9664901c6c4ee16) Importer(815301076,1909f56bfc062723c751e8b465ee728b)
Start importing Assets/Art/Enviroment/PNG/Items/000_0055_hit_point.png using Guid(8f38992cbb064c54e9664901c6c4ee16) Importer(815301076,1909f56bfc062723c751e8b465ee728b)  -> (artifact id: '128b8c5d55c6a09041f638f230a6e842') in 0.019264 seconds
  Import took 0.024857 seconds .

========================================================================
Received Import Request.
  Time since last request: 0.000340 seconds.
  path: Assets/Art/Character/PNG/bronze_knight/3 RUN_000.png
  artifactKey: Guid(75a59371787eca047bf20d1784a1eb92) Importer(815301076,1909f56bfc062723c751e8b465ee728b)
Start importing Assets/Art/Character/PNG/bronze_knight/3 RUN_000.png using Guid(75a59371787eca047bf20d1784a1eb92) Importer(815301076,1909f56bfc062723c751e8b465ee728b)  -> (artifact id: '06f567132ebd654eb8224d8ad62860c4') in 0.023414 seconds
  Import took 0.027650 seconds .

========================================================================
Received Import Request.
  Time since last request: 0.000455 seconds.
  path: Assets/Art/Character/PNG/black_knight/1 IDLE_003.png
  artifactKey: Guid(086b0b43ab7c4d543941999e9a394cde) Importer(815301076,1909f56bfc062723c751e8b465ee728b)
Start importing Assets/Art/Character/PNG/black_knight/1 IDLE_003.png using Guid(086b0b43ab7c4d543941999e9a394cde) Importer(815301076,1909f56bfc062723c751e8b465ee728b)  -> (artifact id: '4d83c606fad08d39527f75011d991aae') in 0.023420 seconds
  Import took 0.028647 seconds .

========================================================================
Received Import Request.
  Time since last request: 0.000330 seconds.
  path: Assets/Art/Character/PNG/bronze_knight/3 RUN_004.png
  artifactKey: Guid(11faa91901523ae4da73d729b3ff56f7) Importer(815301076,1909f56bfc062723c751e8b465ee728b)
Start importing Assets/Art/Character/PNG/bronze_knight/3 RUN_004.png using Guid(11faa91901523ae4da73d729b3ff56f7) Importer(815301076,1909f56bfc062723c751e8b465ee728b)  -> (artifact id: 'c3dd0928464eec98043f92df3692291f') in 0.017352 seconds
  Import took 0.022361 seconds .

========================================================================
Received Import Request.
  Time since last request: 0.000233 seconds.
  path: Assets/Art/Enviroment/PNG/Items/000_0018_star2.png
  artifactKey: Guid(382856d333c6553469d23e47b056e99d) Importer(815301076,1909f56bfc062723c751e8b465ee728b)
Start importing Assets/Art/Enviroment/PNG/Items/000_0018_star2.png using Guid(382856d333c6553469d23e47b056e99d) Importer(815301076,1909f56bfc062723c751e8b465ee728b)  -> (artifact id: '5f58a30c727786961aa700cb2c884081') in 0.019432 seconds
  Import took 0.025029 seconds .

========================================================================
Received Import Request.
  Time since last request: 0.000316 seconds.
  path: Assets/Art/Enviroment/PNG/Items/000_0034_speed2.png
  artifactKey: Guid(8b7083cbcf3e90543898388d3aba37de) Importer(815301076,1909f56bfc062723c751e8b465ee728b)
Start importing Assets/Art/Enviroment/PNG/Items/000_0034_speed2.png using Guid(8b7083cbcf3e90543898388d3aba37de) Importer(815301076,1909f56bfc062723c751e8b465ee728b)  -> (artifact id: '54cabdd90a88dee48f32ce917fdb469d') in 0.019225 seconds
  Import took 0.025153 seconds .

========================================================================
Received Import Request.
  Time since last request: 0.000341 seconds.
  path: Assets/Art/Enviroment/PNG/Items/000_0054_hit_point2.png
  artifactKey: Guid(7c3548e884e62574fbb521f077eb2d2c) Importer(815301076,1909f56bfc062723c751e8b465ee728b)
Start importing Assets/Art/Enviroment/PNG/Items/000_0054_hit_point2.png using Guid(7c3548e884e62574fbb521f077eb2d2c) Importer(815301076,1909f56bfc062723c751e8b465ee728b)  -> (artifact id: '7142c558960f81302efd4e4556dc03ec') in 0.019700 seconds
  Import took 0.024230 seconds .

========================================================================
Received Import Request.
  Time since last request: 0.000242 seconds.
  path: Assets/Art/Enviroment/PNG/Items/000_0061_heart5.png
  artifactKey: Guid(0190c17ae27c7e94d82916f1c84f86b1) Importer(815301076,1909f56bfc062723c751e8b465ee728b)
Start importing Assets/Art/Enviroment/PNG/Items/000_0061_heart5.png using Guid(0190c17ae27c7e94d82916f1c84f86b1) Importer(815301076,1909f56bfc062723c751e8b465ee728b)  -> (artifact id: 'fc9aef02f92132019b5f41a0281ce29d') in 0.018977 seconds
  Import took 0.025586 seconds .

========================================================================
Received Import Request.
  Time since last request: 0.000324 seconds.
  path: Assets/Art/Character/PNG/bronze_knight/1 IDLE_004.png
  artifactKey: Guid(fbabb4789e60f2f4fa69e2a625f509af) Importer(815301076,1909f56bfc062723c751e8b465ee728b)
Start importing Assets/Art/Character/PNG/bronze_knight/1 IDLE_004.png using Guid(fbabb4789e60f2f4fa69e2a625f509af) Importer(815301076,1909f56bfc062723c751e8b465ee728b)  -> (artifact id: 'd3d40b99441f495144dc45ff6f850fa2') in 0.024064 seconds
  Import took 0.029228 seconds .

========================================================================
Received Import Request.
  Time since last request: 0.000499 seconds.
  path: Assets/Art/Enviroment/PNG/Items/000_0016_star4.png
  artifactKey: Guid(37c018f65147e3544b673ea8d0b9c566) Importer(815301076,1909f56bfc062723c751e8b465ee728b)
Start importing Assets/Art/Enviroment/PNG/Items/000_0016_star4.png using Guid(37c018f65147e3544b673ea8d0b9c566) Importer(815301076,1909f56bfc062723c751e8b465ee728b)  -> (artifact id: '90494c6c9bafa7d303eb915a94fbd8ba') in 0.019078 seconds
  Import took 0.023794 seconds .

========================================================================
Received Import Request.
  Time since last request: 0.000262 seconds.
  path: Assets/Art/Enviroment/PNG/Items/000_0011_star9.png
  artifactKey: Guid(d95060d6ca7a6bd4695bddd22c0b5b83) Importer(815301076,1909f56bfc062723c751e8b465ee728b)
Start importing Assets/Art/Enviroment/PNG/Items/000_0011_star9.png using Guid(d95060d6ca7a6bd4695bddd22c0b5b83) Importer(815301076,1909f56bfc062723c751e8b465ee728b)  -> (artifact id: 'c195b228e5bd2b08bf6a9bad1d98e4b9') in 0.015518 seconds
  Import took 0.021831 seconds .

========================================================================
Received Import Request.
  Time since last request: 0.000249 seconds.
  path: Assets/Art/Enviroment/PNG/Items/000_0005_crystal5.png
  artifactKey: Guid(4a4c7735caf11f3469d55d364dc12d41) Importer(815301076,1909f56bfc062723c751e8b465ee728b)
Start importing Assets/Art/Enviroment/PNG/Items/000_0005_crystal5.png using Guid(4a4c7735caf11f3469d55d364dc12d41) Importer(815301076,1909f56bfc062723c751e8b465ee728b)  -> (artifact id: '9bd364ef3d4c86fc019df0f7f7925174') in 0.018195 seconds
  Import took 0.023805 seconds .

========================================================================
Received Import Request.
  Time since last request: 0.000240 seconds.
  path: Assets/Art/Enviroment/PNG/Items/000_0041_coin5.png
  artifactKey: Guid(f7ccae6f4327e74489e0a85690082f0c) Importer(815301076,1909f56bfc062723c751e8b465ee728b)
Start importing Assets/Art/Enviroment/PNG/Items/000_0041_coin5.png using Guid(f7ccae6f4327e74489e0a85690082f0c) Importer(815301076,1909f56bfc062723c751e8b465ee728b)  -> (artifact id: 'f14e9b65c1b63d9cf672659c6397d1fa') in 0.019707 seconds
  Import took 0.025327 seconds .

========================================================================
Received Import Request.
  Time since last request: 0.000073 seconds.
  path: Assets/Art/Enviroment/PNG/Items/000_0014_star6.png
  artifactKey: Guid(6f661cf7674e87147b7d28dc00c72720) Importer(815301076,1909f56bfc062723c751e8b465ee728b)
Start importing Assets/Art/Enviroment/PNG/Items/000_0014_star6.png using Guid(6f661cf7674e87147b7d28dc00c72720) Importer(815301076,1909f56bfc062723c751e8b465ee728b)  -> (artifact id: '82876069b984d55d499b0bc46e8379c2') in 0.021356 seconds
  Import took 0.026567 seconds .

========================================================================
Received Import Request.
  Time since last request: 0.000277 seconds.
  path: Assets/Art/Character/PNG/silver_knight/1 IDLE_000.png
  artifactKey: Guid(94885b783e5f7ba48bc84d05fd9992ef) Importer(815301076,1909f56bfc062723c751e8b465ee728b)
Start importing Assets/Art/Character/PNG/silver_knight/1 IDLE_000.png using Guid(94885b783e5f7ba48bc84d05fd9992ef) Importer(815301076,1909f56bfc062723c751e8b465ee728b)  -> (artifact id: '8b824bca70e3e45df467081b3d5e90ca') in 0.023152 seconds
  Import took 0.029033 seconds .

========================================================================
Received Import Request.
  Time since last request: 0.000306 seconds.
  path: Assets/Art/Character/PNG/black_knight/1 IDLE_001.png
  artifactKey: Guid(51d5a611f03ef314bbf0c808cfc037e2) Importer(815301076,1909f56bfc062723c751e8b465ee728b)
Start importing Assets/Art/Character/PNG/black_knight/1 IDLE_001.png using Guid(51d5a611f03ef314bbf0c808cfc037e2) Importer(815301076,1909f56bfc062723c751e8b465ee728b)  -> (artifact id: '6be2d6306f01718f9b85c41b777bd4bb') in 0.020693 seconds
  Import took 0.025246 seconds .

========================================================================
Received Import Request.
  Time since last request: 0.000292 seconds.
  path: Assets/Art/Enviroment/PNG/Items/000_0044_coin2.png
  artifactKey: Guid(21ac5d53bc0191f48a1068860f42cb64) Importer(815301076,1909f56bfc062723c751e8b465ee728b)
Start importing Assets/Art/Enviroment/PNG/Items/000_0044_coin2.png using Guid(21ac5d53bc0191f48a1068860f42cb64) Importer(815301076,1909f56bfc062723c751e8b465ee728b)  -> (artifact id: '0ab07283f8c8bade19e6250754c3af4a') in 0.017576 seconds
  Import took 0.022719 seconds .

========================================================================
Received Import Request.
  Time since last request: 0.000248 seconds.
  path: Assets/Art/GUI/PNG/shop/1.png
  artifactKey: Guid(572093e451416754dbd04ceca1b08d4c) Importer(815301076,1909f56bfc062723c751e8b465ee728b)
Start importing Assets/Art/GUI/PNG/shop/1.png using Guid(572093e451416754dbd04ceca1b08d4c) Importer(815301076,1909f56bfc062723c751e8b465ee728b)  -> (artifact id: 'dc2b3a7f2e08319f339d7bbed41276fb') in 0.022814 seconds
  Import took 0.028767 seconds .

========================================================================
Received Import Request.
  Time since last request: 0.000255 seconds.
  path: Assets/Art/Character/PNG/silver_knight/1 IDLE_002.png
  artifactKey: Guid(1c777ed5e3fe5d0408f2a0afd353591a) Importer(815301076,1909f56bfc062723c751e8b465ee728b)
Start importing Assets/Art/Character/PNG/silver_knight/1 IDLE_002.png using Guid(1c777ed5e3fe5d0408f2a0afd353591a) Importer(815301076,1909f56bfc062723c751e8b465ee728b)  -> (artifact id: '23dcd17a62ee785cfed8c8aa6dfdae4b') in 0.027575 seconds
  Import took 0.033938 seconds .

========================================================================
Received Import Request.
  Time since last request: 0.000270 seconds.
  path: Assets/Art/Character/PNG/bronze_knight/3 RUN_001.png
  artifactKey: Guid(b7b40d96292aebe40ab1775bb236dedf) Importer(815301076,1909f56bfc062723c751e8b465ee728b)
Start importing Assets/Art/Character/PNG/bronze_knight/3 RUN_001.png using Guid(b7b40d96292aebe40ab1775bb236dedf) Importer(815301076,1909f56bfc062723c751e8b465ee728b)  -> (artifact id: '21e417fe9ae9e05bf5eb957d8808e1b7') in 0.022303 seconds
  Import took 0.026632 seconds .

========================================================================
Received Import Request.
  Time since last request: 0.000245 seconds.
  path: Assets/Art/Character/PNG/black_knight/3 RUN_003.png
  artifactKey: Guid(8f8f806f67d65214985953640540a89c) Importer(815301076,1909f56bfc062723c751e8b465ee728b)
Start importing Assets/Art/Character/PNG/black_knight/3 RUN_003.png using Guid(8f8f806f67d65214985953640540a89c) Importer(815301076,1909f56bfc062723c751e8b465ee728b)  -> (artifact id: '10daf725ada675c1083c24cea407e489') in 0.020710 seconds
  Import took 0.024085 seconds .

========================================================================
Received Import Request.
  Time since last request: 0.000250 seconds.
  path: Assets/Art/Character/GIF/2D-Game-1KNIGHT-Character-Free-Sprites-Sheets-Recovered.gif
  artifactKey: Guid(7e3923927968c0946acadfccdb78146f) Importer(815301076,1909f56bfc062723c751e8b465ee728b)
Start importing Assets/Art/Character/GIF/2D-Game-1KNIGHT-Character-Free-Sprites-Sheets-Recovered.gif using Guid(7e3923927968c0946acadfccdb78146f) Importer(815301076,1909f56bfc062723c751e8b465ee728b)  -> (artifact id: 'e61a2fba1a2e40140ac699117882185f') in 0.019618 seconds
  Import took 0.024128 seconds .

========================================================================
Received Import Request.
  Time since last request: 0.000369 seconds.
  path: Assets/Art/Enviroment/PNG/Items/000_0040_coin6.png
  artifactKey: Guid(caef772bc643dd34aa2b40f4f26b39bc) Importer(815301076,1909f56bfc062723c751e8b465ee728b)
Start importing Assets/Art/Enviroment/PNG/Items/000_0040_coin6.png using Guid(caef772bc643dd34aa2b40f4f26b39bc) Importer(815301076,1909f56bfc062723c751e8b465ee728b)  -> (artifact id: '20ded41c675a59ed5f412344b09a926c') in 0.019484 seconds
  Import took 0.025321 seconds .

========================================================================
Received Import Request.
  Time since last request: 0.000243 seconds.
  path: Assets/Art/Enviroment/PNG/Items/000_0048_hit_point8.png
  artifactKey: Guid(62db02810f8674f4282754284c86c8a5) Importer(815301076,1909f56bfc062723c751e8b465ee728b)
Start importing Assets/Art/Enviroment/PNG/Items/000_0048_hit_point8.png using Guid(62db02810f8674f4282754284c86c8a5) Importer(815301076,1909f56bfc062723c751e8b465ee728b)  -> (artifact id: '4d34ef5a64a6676db101665110c2c7c1') in 0.020085 seconds
  Import took 0.024841 seconds .

========================================================================
Received Import Request.
  Time since last request: 0.000314 seconds.
  path: Assets/Art/Character/PNG/black_knight/3 RUN_000.png
  artifactKey: Guid(3d2d8f99765c8674e8382d66f3aea15a) Importer(815301076,1909f56bfc062723c751e8b465ee728b)
Start importing Assets/Art/Character/PNG/black_knight/3 RUN_000.png using Guid(3d2d8f99765c8674e8382d66f3aea15a) Importer(815301076,1909f56bfc062723c751e8b465ee728b)  -> (artifact id: '9350a5b7a49cacfb89896128e3e3ddd5') in 0.020017 seconds
  Import took 0.024792 seconds .

========================================================================
Received Import Request.
  Time since last request: 0.000230 seconds.
  path: Assets/Art/Enviroment/PNG/Items/000_0009_crystal.png
  artifactKey: Guid(a4c5143f78ad1de438a63828a5c7a005) Importer(815301076,1909f56bfc062723c751e8b465ee728b)
Start importing Assets/Art/Enviroment/PNG/Items/000_0009_crystal.png using Guid(a4c5143f78ad1de438a63828a5c7a005) Importer(815301076,1909f56bfc062723c751e8b465ee728b)  -> (artifact id: '72886ff864cf6c7667118533237907c9') in 0.018068 seconds
  Import took 0.025208 seconds .

========================================================================
Received Import Request.
  Time since last request: 0.000145 seconds.
  path: Assets/Art/Enviroment/PNG/Items/000_0023_speed13.png
  artifactKey: Guid(d7bfc52bd97b9dc44b5f902311b3a7dc) Importer(815301076,1909f56bfc062723c751e8b465ee728b)
Start importing Assets/Art/Enviroment/PNG/Items/000_0023_speed13.png using Guid(d7bfc52bd97b9dc44b5f902311b3a7dc) Importer(815301076,1909f56bfc062723c751e8b465ee728b)  -> (artifact id: '40d925927cf8808675eac8a5cff7cf47') in 0.020619 seconds
  Import took 0.026504 seconds .

========================================================================
Received Import Request.
  Time since last request: 0.000247 seconds.
  path: Assets/Art/GUI/PNG/load_bar/2.png
  artifactKey: Guid(4bc5ced893a89754fa492968a3b82faf) Importer(815301076,1909f56bfc062723c751e8b465ee728b)
Start importing Assets/Art/GUI/PNG/load_bar/2.png using Guid(4bc5ced893a89754fa492968a3b82faf) Importer(815301076,1909f56bfc062723c751e8b465ee728b)  -> (artifact id: '4b10187a8f8360d9ae46c1594b3fd1ae') in 0.016938 seconds
  Import took 0.020464 seconds .

========================================================================
Received Import Request.
  Time since last request: 0.000253 seconds.
  path: Assets/Art/Character/PNG/silver_knight/2 WALK_004.png
  artifactKey: Guid(400d9536e563849419515189664e4e07) Importer(815301076,1909f56bfc062723c751e8b465ee728b)
Start importing Assets/Art/Character/PNG/silver_knight/2 WALK_004.png using Guid(400d9536e563849419515189664e4e07) Importer(815301076,1909f56bfc062723c751e8b465ee728b)  -> (artifact id: 'dfaf5f94bce4c802acb4645196f5fbc0') in 0.022370 seconds
  Import took 0.029123 seconds .

========================================================================
Received Import Request.
  Time since last request: 0.000416 seconds.
  path: Assets/Art/Enviroment/PNG/Items/000_0000_crystal10.png
  artifactKey: Guid(d223dab6e7e7d0f4999acca903746be4) Importer(815301076,1909f56bfc062723c751e8b465ee728b)
Start importing Assets/Art/Enviroment/PNG/Items/000_0000_crystal10.png using Guid(d223dab6e7e7d0f4999acca903746be4) Importer(815301076,1909f56bfc062723c751e8b465ee728b)  -> (artifact id: '92e3b45d9d5cab42e79afd5c6ba4157d') in 0.020486 seconds
  Import took 0.025920 seconds .

========================================================================
Received Import Request.
  Time since last request: 0.000286 seconds.
  path: Assets/Art/GUI/PNG/clouds/3.png
  artifactKey: Guid(f1412417fde388b4793e817e624982f1) Importer(815301076,1909f56bfc062723c751e8b465ee728b)
Start importing Assets/Art/GUI/PNG/clouds/3.png using Guid(f1412417fde388b4793e817e624982f1) Importer(815301076,1909f56bfc062723c751e8b465ee728b)  -> (artifact id: '69b70836a48ec4172ec42dddd7a19e70') in 0.020303 seconds
  Import took 0.026226 seconds .

========================================================================
Received Import Request.
  Time since last request: 0.000275 seconds.
  path: Assets/Art/Character/PNG/silver_knight/2 WALK_000.png
  artifactKey: Guid(57b797a341dba8a4eb24eddcf825ccfc) Importer(815301076,1909f56bfc062723c751e8b465ee728b)
Start importing Assets/Art/Character/PNG/silver_knight/2 WALK_000.png using Guid(57b797a341dba8a4eb24eddcf825ccfc) Importer(815301076,1909f56bfc062723c751e8b465ee728b)  -> (artifact id: '17675b09e928910c4066fd409960e234') in 0.021286 seconds
  Import took 0.027039 seconds .

========================================================================
Received Import Request.
  Time since last request: 0.000241 seconds.
  path: Assets/Art/Enviroment/PNG/Items/000_0027_speed9.png
  artifactKey: Guid(3465a467c59db204dbcfa8860ec83f86) Importer(815301076,1909f56bfc062723c751e8b465ee728b)
Start importing Assets/Art/Enviroment/PNG/Items/000_0027_speed9.png using Guid(3465a467c59db204dbcfa8860ec83f86) Importer(815301076,1909f56bfc062723c751e8b465ee728b)  -> (artifact id: '4d4ba3150f3673ac7f2733695194bc0d') in 0.017482 seconds
  Import took 0.021231 seconds .

========================================================================
Received Import Request.
  Time since last request: 0.000331 seconds.
  path: Assets/Art/Enviroment/PNG/Items/000_0057_heart9.png
  artifactKey: Guid(0b4f1fe65e7828d4fa636aa5d3837ef4) Importer(815301076,1909f56bfc062723c751e8b465ee728b)
Start importing Assets/Art/Enviroment/PNG/Items/000_0057_heart9.png using Guid(0b4f1fe65e7828d4fa636aa5d3837ef4) Importer(815301076,1909f56bfc062723c751e8b465ee728b)  -> (artifact id: '4a6f20fb512f0c80cef887cfdd32be9c') in 0.017925 seconds
  Import took 0.023393 seconds .

========================================================================
Received Import Request.
  Time since last request: 0.000280 seconds.
  path: Assets/Art/Enviroment/PNG/Items/000_0052_hit_point4.png
  artifactKey: Guid(4410b91bfc321f149820b546b16f247c) Importer(815301076,1909f56bfc062723c751e8b465ee728b)
Start importing Assets/Art/Enviroment/PNG/Items/000_0052_hit_point4.png using Guid(4410b91bfc321f149820b546b16f247c) Importer(815301076,1909f56bfc062723c751e8b465ee728b)  -> (artifact id: '12a5afd3f77368b50cd27c8d67be03c2') in 0.021894 seconds
  Import took 0.029801 seconds .

========================================================================
Received Import Request.
  Time since last request: 0.000236 seconds.
  path: Assets/Art/GUI/PNG/bubble/4.png
  artifactKey: Guid(08844cbb5ade2264abf0d65b5cbd0e11) Importer(815301076,1909f56bfc062723c751e8b465ee728b)
Start importing Assets/Art/GUI/PNG/bubble/4.png using Guid(08844cbb5ade2264abf0d65b5cbd0e11) Importer(815301076,1909f56bfc062723c751e8b465ee728b)  -> (artifact id: '2dafdd313961dba792cadb727115f4f7') in 0.016494 seconds
  Import took 0.022019 seconds .

========================================================================
Received Import Request.
  Time since last request: 0.000244 seconds.
  path: Assets/Art/Character/PNG/silver_knight/2 WALK_001.png
  artifactKey: Guid(c9f8ce66dadea29418a499800afd4e05) Importer(815301076,1909f56bfc062723c751e8b465ee728b)
Start importing Assets/Art/Character/PNG/silver_knight/2 WALK_001.png using Guid(c9f8ce66dadea29418a499800afd4e05) Importer(815301076,1909f56bfc062723c751e8b465ee728b)  -> (artifact id: 'dc37521c78f8db9168be6ba30df6827e') in 0.020523 seconds
  Import took 0.024609 seconds .

========================================================================
Received Import Request.
  Time since last request: 0.000302 seconds.
  path: Assets/Art/GUI/PNG/bubble/0.png
  artifactKey: Guid(d1daad5ce7e9d584894fa19362458ce2) Importer(815301076,1909f56bfc062723c751e8b465ee728b)
Start importing Assets/Art/GUI/PNG/bubble/0.png using Guid(d1daad5ce7e9d584894fa19362458ce2) Importer(815301076,1909f56bfc062723c751e8b465ee728b)  -> (artifact id: '4ba46b3ba0f2481b1b467a9cc85de7cb') in 0.020539 seconds
  Import took 0.026170 seconds .

========================================================================
Received Import Request.
  Time since last request: 0.000276 seconds.
  path: Assets/Art/Enviroment/PNG/Items/000_0015_star5.png
  artifactKey: Guid(3b6f990ac30e44a4c9e143c08a281d3b) Importer(815301076,1909f56bfc062723c751e8b465ee728b)
Start importing Assets/Art/Enviroment/PNG/Items/000_0015_star5.png using Guid(3b6f990ac30e44a4c9e143c08a281d3b) Importer(815301076,1909f56bfc062723c751e8b465ee728b)  -> (artifact id: '5696441a1d8c2f66c91937372d08c402') in 0.018424 seconds
  Import took 0.024199 seconds .

========================================================================
Received Import Request.
  Time since last request: 0.000185 seconds.
  path: Assets/Art/Enviroment/PNG/Items/000_0042_coin4.png
  artifactKey: Guid(82aba4c5e6d5ca349a31c9865aab5a7a) Importer(815301076,1909f56bfc062723c751e8b465ee728b)
Start importing Assets/Art/Enviroment/PNG/Items/000_0042_coin4.png using Guid(82aba4c5e6d5ca349a31c9865aab5a7a) Importer(815301076,1909f56bfc062723c751e8b465ee728b)  -> (artifact id: 'd67f2ddfee4dc41c1036db90c24e1309') in 0.022299 seconds
  Import took 0.027251 seconds .

========================================================================
Received Import Request.
  Time since last request: 0.000291 seconds.
  path: Assets/Art/Character/PNG/black_knight/3 RUN_001.png
  artifactKey: Guid(f6e64a66df1f48946a34be5b4641ae2f) Importer(815301076,1909f56bfc062723c751e8b465ee728b)
Start importing Assets/Art/Character/PNG/black_knight/3 RUN_001.png using Guid(f6e64a66df1f48946a34be5b4641ae2f) Importer(815301076,1909f56bfc062723c751e8b465ee728b)  -> (artifact id: 'd36e91d2665cb682a57e7dfb0136d870') in 0.021322 seconds
  Import took 0.025870 seconds .

========================================================================
Received Import Request.
  Time since last request: 0.000224 seconds.
  path: Assets/Art/GUI/PNG/clouds/2.png
  artifactKey: Guid(47c6deadf7a3d5f4db5f27192d2577c4) Importer(815301076,1909f56bfc062723c751e8b465ee728b)
Start importing Assets/Art/GUI/PNG/clouds/2.png using Guid(47c6deadf7a3d5f4db5f27192d2577c4) Importer(815301076,1909f56bfc062723c751e8b465ee728b)  -> (artifact id: 'c1d469339bf3d8d81cba431b4367e31a') in 0.020188 seconds
  Import took 0.025155 seconds .

========================================================================
Received Import Request.
  Time since last request: 0.000251 seconds.
  path: Assets/Art/Character/PNG/black_knight/2 WALK_004.png
  artifactKey: Guid(12169900f8204b040bfdc71e4d10096f) Importer(815301076,1909f56bfc062723c751e8b465ee728b)
Start importing Assets/Art/Character/PNG/black_knight/2 WALK_004.png using Guid(12169900f8204b040bfdc71e4d10096f) Importer(815301076,1909f56bfc062723c751e8b465ee728b)  -> (artifact id: 'f88efde7e82730c2c611177637313660') in 0.017943 seconds
  Import took 0.023177 seconds .

========================================================================
Received Import Request.
  Time since last request: 0.000247 seconds.
  path: Assets/Art/Character/PNG/silver_knight/3 RUN_004.png
  artifactKey: Guid(f696dced02b25b54e958118c66d840de) Importer(815301076,1909f56bfc062723c751e8b465ee728b)
Start importing Assets/Art/Character/PNG/silver_knight/3 RUN_004.png using Guid(f696dced02b25b54e958118c66d840de) Importer(815301076,1909f56bfc062723c751e8b465ee728b)  -> (artifact id: '3b3777b9541f4f27086b8eb1e8be46f8') in 0.022954 seconds
  Import took 0.026895 seconds .

========================================================================
Received Import Request.
  Time since last request: 0.000346 seconds.
  path: Assets/Art/Character/PNG/bronze_knight/2 WALK_001.png
  artifactKey: Guid(07c49eb3da81ca94a83a980dd47f4cdd) Importer(815301076,1909f56bfc062723c751e8b465ee728b)
Start importing Assets/Art/Character/PNG/bronze_knight/2 WALK_001.png using Guid(07c49eb3da81ca94a83a980dd47f4cdd) Importer(815301076,1909f56bfc062723c751e8b465ee728b)  -> (artifact id: 'a5968414025ed83f9a7c6f952b3d9aa9') in 0.020401 seconds
  Import took 0.025174 seconds .

========================================================================
Received Import Request.
  Time since last request: 0.000264 seconds.
  path: Assets/Art/Character/PNG/bronze_knight/2 WALK_004.png
  artifactKey: Guid(670b7b3decd4b4c4a930a45611a4a70f) Importer(815301076,1909f56bfc062723c751e8b465ee728b)
Start importing Assets/Art/Character/PNG/bronze_knight/2 WALK_004.png using Guid(670b7b3decd4b4c4a930a45611a4a70f) Importer(815301076,1909f56bfc062723c751e8b465ee728b)  -> (artifact id: 'c119427fef140683b1a8a3057b14589b') in 0.019537 seconds
  Import took 0.023742 seconds .

========================================================================
Received Prepare
Refreshing native plugins compatible for Editor in 3.68 ms, found 1 plugins.
Preloading 0 native plugins for Editor in 0.00 ms.
Unloading 10 Unused Serialized files (Serialized files now loaded: 0)
System memory in use before: 53.5 MB.
System memory in use after: 53.5 MB.

Unloading 10 unused Assets to reduce memory usage. Loaded Objects now: 2310.
Total: 11.933800 ms (FindLiveObjects: 0.427700 ms CreateObjectMapping: 2.547200 ms MarkObjects: 8.706400 ms  DeleteObjects: 0.249700 ms)

========================================================================
Received Import Request.
  Time since last request: 864.782320 seconds.
  path: Assets/Scripts/Standings.cs
  artifactKey: Guid(8935a096af559444aac8b415c093aa2e) Importer(815301076,1909f56bfc062723c751e8b465ee728b)
Start importing Assets/Scripts/Standings.cs using Guid(8935a096af559444aac8b415c093aa2e) Importer(815301076,1909f56bfc062723c751e8b465ee728b)  -> (artifact id: '523bb690f709d28ffb85415b14db60bc') in 3.869443 seconds
  Import took 3.877766 seconds .

========================================================================
Received Prepare
Registering precompiled user dll's ...
Registered in 0.001113 seconds.
Begin MonoManager ReloadAssembly
Native extension for WindowsStandalone target not found
Native extension for WebGL target not found
Refreshing native plugins compatible for Editor in 0.54 ms, found 1 plugins.
Preloading 0 native plugins for Editor in 0.00 ms.
Invoked RoslynAnalysisRunner static constructor.
RoslynAnalysisRunner will not be running.
RoslynAnalysisRunner has terminated.
Mono: successfully reloaded assembly
- Completed reload, in  1.307 seconds
Platform modules already initialized, skipping
Switching build target platform(5) subTarget(0) extendedPlatform(0) -> platform(13) subTarget(537395200) extendedPlatform(0)
Refreshing native plugins compatible for Editor in 0.46 ms, found 1 plugins.
Preloading 0 native plugins for Editor in 0.00 ms.
Unloading 1818 Unused Serialized files (Serialized files now loaded: 0)
System memory in use before: 88.9 MB.
System memory in use after: 88.9 MB.

Unloading 12 unused Assets to reduce memory usage. Loaded Objects now: 2314.
Total: 2.573800 ms (FindLiveObjects: 0.313900 ms CreateObjectMapping: 0.172600 ms MarkObjects: 1.962100 ms  DeleteObjects: 0.123300 ms)

AssetImportParameters requested are different than current active one (requested -> active):
  custom:graphics/normal-map-encoding: 01000000000000000000000000000000 -> 02000000000000000000000000000000
========================================================================
Received Prepare
Registering precompiled user dll's ...
Registered in 0.001146 seconds.
Begin MonoManager ReloadAssembly
Native extension for WindowsStandalone target not found
Native extension for WebGL target not found
Refreshing native plugins compatible for Editor in 0.62 ms, found 1 plugins.
Preloading 0 native plugins for Editor in 0.00 ms.
Invoked RoslynAnalysisRunner static constructor.
RoslynAnalysisRunner will not be running.
RoslynAnalysisRunner has terminated.
Mono: successfully reloaded assembly
- Completed reload, in  1.230 seconds
Platform modules already initialized, skipping
Switching build target platform(5) subTarget(0) extendedPlatform(0) -> platform(13) subTarget(537395200) extendedPlatform(0)
Refreshing native plugins compatible for Editor in 0.44 ms, found 1 plugins.
Preloading 0 native plugins for Editor in 0.00 ms.
Unloading 1818 Unused Serialized files (Serialized files now loaded: 0)
System memory in use before: 89.0 MB.
System memory in use after: 89.0 MB.

Unloading 12 unused Assets to reduce memory usage. Loaded Objects now: 2318.
Total: 3.215100 ms (FindLiveObjects: 0.588400 ms CreateObjectMapping: 0.119300 ms MarkObjects: 2.365100 ms  DeleteObjects: 0.139100 ms)

AssetImportParameters requested are different than current active one (requested -> active):
  custom:graphics/normal-map-encoding: 01000000000000000000000000000000 -> 02000000000000000000000000000000
========================================================================
Received Prepare
Registering precompiled user dll's ...
Registered in 0.001297 seconds.
Begin MonoManager ReloadAssembly
Native extension for WindowsStandalone target not found
Native extension for WebGL target not found
Refreshing native plugins compatible for Editor in 0.42 ms, found 1 plugins.
Preloading 0 native plugins for Editor in 0.00 ms.
Invoked RoslynAnalysisRunner static constructor.
RoslynAnalysisRunner will not be running.
RoslynAnalysisRunner has terminated.
Mono: successfully reloaded assembly
- Completed reload, in  0.908 seconds
Platform modules already initialized, skipping
Switching build target platform(5) subTarget(0) extendedPlatform(0) -> platform(13) subTarget(537395200) extendedPlatform(0)
Refreshing native plugins compatible for Editor in 0.40 ms, found 1 plugins.
Preloading 0 native plugins for Editor in 0.00 ms.
Unloading 1818 Unused Serialized files (Serialized files now loaded: 0)
System memory in use before: 89.0 MB.
System memory in use after: 89.0 MB.

Unloading 12 unused Assets to reduce memory usage. Loaded Objects now: 2322.
Total: 2.942200 ms (FindLiveObjects: 0.593600 ms CreateObjectMapping: 0.196900 ms MarkObjects: 2.032700 ms  DeleteObjects: 0.116500 ms)

AssetImportParameters requested are different than current active one (requested -> active):
  custom:graphics/normal-map-encoding: 01000000000000000000000000000000 -> 02000000000000000000000000000000
========================================================================
Received Prepare
Registering precompiled user dll's ...
Registered in 0.001741 seconds.
Begin MonoManager ReloadAssembly
Native extension for WindowsStandalone target not found
Native extension for WebGL target not found
Refreshing native plugins compatible for Editor in 0.41 ms, found 1 plugins.
Preloading 0 native plugins for Editor in 0.00 ms.
Invoked RoslynAnalysisRunner static constructor.
RoslynAnalysisRunner will not be running.
RoslynAnalysisRunner has terminated.
Mono: successfully reloaded assembly
- Completed reload, in  1.003 seconds
Platform modules already initialized, skipping
Switching build target platform(5) subTarget(0) extendedPlatform(0) -> platform(13) subTarget(537395200) extendedPlatform(0)
Refreshing native plugins compatible for Editor in 0.42 ms, found 1 plugins.
Preloading 0 native plugins for Editor in 0.00 ms.
Unloading 1818 Unused Serialized files (Serialized files now loaded: 0)
System memory in use before: 89.1 MB.
System memory in use after: 89.0 MB.

Unloading 12 unused Assets to reduce memory usage. Loaded Objects now: 2326.
Total: 2.867700 ms (FindLiveObjects: 0.374900 ms CreateObjectMapping: 0.186900 ms MarkObjects: 2.177500 ms  DeleteObjects: 0.126200 ms)

AssetImportParameters requested are different than current active one (requested -> active):
  custom:graphics/normal-map-encoding: 01000000000000000000000000000000 -> 02000000000000000000000000000000
========================================================================
Received Prepare
Registering precompiled user dll's ...
Registered in 0.001527 seconds.
Begin MonoManager ReloadAssembly
Native extension for WindowsStandalone target not found
Native extension for WebGL target not found
Refreshing native plugins compatible for Editor in 0.42 ms, found 1 plugins.
Preloading 0 native plugins for Editor in 0.00 ms.
Invoked RoslynAnalysisRunner static constructor.
RoslynAnalysisRunner will not be running.
RoslynAnalysisRunner has terminated.
Mono: successfully reloaded assembly
- Completed reload, in  1.064 seconds
Platform modules already initialized, skipping
Switching build target platform(5) subTarget(0) extendedPlatform(0) -> platform(13) subTarget(537395200) extendedPlatform(0)
Refreshing native plugins compatible for Editor in 0.72 ms, found 1 plugins.
Preloading 0 native plugins for Editor in 0.00 ms.
Unloading 1818 Unused Serialized files (Serialized files now loaded: 0)
System memory in use before: 89.1 MB.
System memory in use after: 89.1 MB.

Unloading 12 unused Assets to reduce memory usage. Loaded Objects now: 2330.
Total: 2.771700 ms (FindLiveObjects: 0.538800 ms CreateObjectMapping: 0.245700 ms MarkObjects: 1.847800 ms  DeleteObjects: 0.136500 ms)

AssetImportParameters requested are different than current active one (requested -> active):
  custom:graphics/normal-map-encoding: 01000000000000000000000000000000 -> 02000000000000000000000000000000
========================================================================
Received Prepare
Registering precompiled user dll's ...
Registered in 0.001156 seconds.
Begin MonoManager ReloadAssembly
Native extension for WindowsStandalone target not found
Native extension for WebGL target not found
Refreshing native plugins compatible for Editor in 0.55 ms, found 1 plugins.
Preloading 0 native plugins for Editor in 0.00 ms.
Invoked RoslynAnalysisRunner static constructor.
RoslynAnalysisRunner will not be running.
RoslynAnalysisRunner has terminated.
Mono: successfully reloaded assembly
- Completed reload, in  1.651 seconds
Platform modules already initialized, skipping
Switching build target platform(5) subTarget(0) extendedPlatform(0) -> platform(13) subTarget(537395200) extendedPlatform(0)
Refreshing native plugins compatible for Editor in 0.68 ms, found 1 plugins.
Preloading 0 native plugins for Editor in 0.00 ms.
Unloading 1818 Unused Serialized files (Serialized files now loaded: 0)
System memory in use before: 89.1 MB.
System memory in use after: 89.1 MB.

Unloading 12 unused Assets to reduce memory usage. Loaded Objects now: 2334.
Total: 4.462600 ms (FindLiveObjects: 0.530900 ms CreateObjectMapping: 0.244300 ms MarkObjects: 3.465900 ms  DeleteObjects: 0.219600 ms)

AssetImportParameters requested are different than current active one (requested -> active):
  custom:graphics/normal-map-encoding: 01000000000000000000000000000000 -> 02000000000000000000000000000000
========================================================================
Received Prepare
Registering precompiled user dll's ...
Registered in 0.001342 seconds.
Begin MonoManager ReloadAssembly
Native extension for WindowsStandalone target not found
Native extension for WebGL target not found
Refreshing native plugins compatible for Editor in 0.73 ms, found 1 plugins.
Preloading 0 native plugins for Editor in 0.00 ms.
Invoked RoslynAnalysisRunner static constructor.
RoslynAnalysisRunner will not be running.
RoslynAnalysisRunner has terminated.
Mono: successfully reloaded assembly
- Completed reload, in  1.681 seconds
Platform modules already initialized, skipping
Switching build target platform(5) subTarget(0) extendedPlatform(0) -> platform(13) subTarget(537395200) extendedPlatform(0)
Refreshing native plugins compatible for Editor in 0.77 ms, found 1 plugins.
Preloading 0 native plugins for Editor in 0.00 ms.
Unloading 1818 Unused Serialized files (Serialized files now loaded: 0)
System memory in use before: 89.1 MB.
System memory in use after: 89.1 MB.

Unloading 12 unused Assets to reduce memory usage. Loaded Objects now: 2338.
Total: 4.416300 ms (FindLiveObjects: 0.725900 ms CreateObjectMapping: 0.284900 ms MarkObjects: 3.208500 ms  DeleteObjects: 0.194300 ms)

AssetImportParameters requested are different than current active one (requested -> active):
  custom:graphics/normal-map-encoding: 01000000000000000000000000000000 -> 02000000000000000000000000000000
========================================================================
Received Prepare
Registering precompiled user dll's ...
Registered in 0.001160 seconds.
Begin MonoManager ReloadAssembly
Native extension for WindowsStandalone target not found
Native extension for WebGL target not found
Refreshing native plugins compatible for Editor in 0.44 ms, found 1 plugins.
Preloading 0 native plugins for Editor in 0.00 ms.
Invoked RoslynAnalysisRunner static constructor.
RoslynAnalysisRunner will not be running.
RoslynAnalysisRunner has terminated.
Mono: successfully reloaded assembly
- Completed reload, in  1.161 seconds
Platform modules already initialized, skipping
Switching build target platform(5) subTarget(0) extendedPlatform(0) -> platform(13) subTarget(537395200) extendedPlatform(0)
Refreshing native plugins compatible for Editor in 0.41 ms, found 1 plugins.
Preloading 0 native plugins for Editor in 0.00 ms.
Unloading 1818 Unused Serialized files (Serialized files now loaded: 0)
System memory in use before: 89.1 MB.
System memory in use after: 89.1 MB.

Unloading 12 unused Assets to reduce memory usage. Loaded Objects now: 2342.
Total: 2.982400 ms (FindLiveObjects: 0.269300 ms CreateObjectMapping: 0.624000 ms MarkObjects: 1.949700 ms  DeleteObjects: 0.137300 ms)

AssetImportParameters requested are different than current active one (requested -> active):
  custom:graphics/normal-map-encoding: 01000000000000000000000000000000 -> 02000000000000000000000000000000
========================================================================
Received Import Request.
  Time since last request: 957.811269 seconds.
  path: Assets/Scenes/Level 2.unity
  artifactKey: Guid(7be60a0bd2a9262428683b0e0c3f6c10) Importer(815301076,1909f56bfc062723c751e8b465ee728b)
Start importing Assets/Scenes/Level 2.unity using Guid(7be60a0bd2a9262428683b0e0c3f6c10) Importer(815301076,1909f56bfc062723c751e8b465ee728b)  -> (artifact id: '096478308395081c29b7656c208f4023') in 0.020052 seconds
  Import took 0.024194 seconds .

========================================================================
Received Prepare
Registering precompiled user dll's ...
Registered in 0.001168 seconds.
Begin MonoManager ReloadAssembly
Native extension for WindowsStandalone target not found
Native extension for WebGL target not found
Refreshing native plugins compatible for Editor in 0.42 ms, found 1 plugins.
Preloading 0 native plugins for Editor in 0.00 ms.
Invoked RoslynAnalysisRunner static constructor.
RoslynAnalysisRunner will not be running.
RoslynAnalysisRunner has terminated.
Mono: successfully reloaded assembly
- Completed reload, in  0.987 seconds
Platform modules already initialized, skipping
Switching build target platform(5) subTarget(0) extendedPlatform(0) -> platform(13) subTarget(537395200) extendedPlatform(0)
Refreshing native plugins compatible for Editor in 0.44 ms, found 1 plugins.
Preloading 0 native plugins for Editor in 0.00 ms.
Unloading 1818 Unused Serialized files (Serialized files now loaded: 0)
System memory in use before: 89.1 MB.
System memory in use after: 89.1 MB.

Unloading 12 unused Assets to reduce memory usage. Loaded Objects now: 2346.
Total: 3.383600 ms (FindLiveObjects: 0.406800 ms CreateObjectMapping: 0.105500 ms MarkObjects: 2.708400 ms  DeleteObjects: 0.159600 ms)

AssetImportParameters requested are different than current active one (requested -> active):
  custom:graphics/normal-map-encoding: 01000000000000000000000000000000 -> 02000000000000000000000000000000
========================================================================
Received Import Request.
  Time since last request: 25.979002 seconds.
  path: Assets/Scenes/Level 2.unity
  artifactKey: Guid(7be60a0bd2a9262428683b0e0c3f6c10) Importer(815301076,1909f56bfc062723c751e8b465ee728b)
Start importing Assets/Scenes/Level 2.unity using Guid(7be60a0bd2a9262428683b0e0c3f6c10) Importer(815301076,1909f56bfc062723c751e8b465ee728b)  -> (artifact id: '5f2a74291a6d90f2112b70f7e44e94fa') in 0.015901 seconds
  Import took 0.019751 seconds .

========================================================================
Received Import Request.
  Time since last request: 4.645463 seconds.
  path: Assets/Scenes/Level 3.unity
  artifactKey: Guid(1d1f5b152d0c8eb4fa269c67fe14df89) Importer(815301076,1909f56bfc062723c751e8b465ee728b)
Start importing Assets/Scenes/Level 3.unity using Guid(1d1f5b152d0c8eb4fa269c67fe14df89) Importer(815301076,1909f56bfc062723c751e8b465ee728b)  -> (artifact id: '1b86d3295b71602420374db35097c4ad') in 0.011060 seconds
  Import took 0.016530 seconds .

========================================================================
Received Import Request.
  Time since last request: 16.000233 seconds.
  path: Assets/Scenes/Level 4.unity
  artifactKey: Guid(f6c3bf90413741b48a662ba45b176888) Importer(815301076,1909f56bfc062723c751e8b465ee728b)
Start importing Assets/Scenes/Level 4.unity using Guid(f6c3bf90413741b48a662ba45b176888) Importer(815301076,1909f56bfc062723c751e8b465ee728b)  -> (artifact id: 'b68713656151f1a81074bea5878b9f2f') in 0.011766 seconds
  Import took 0.015631 seconds .

========================================================================
Received Import Request.
  Time since last request: 11.082866 seconds.
  path: Assets/Scenes/Level 5.unity
  artifactKey: Guid(a7dbef790719a1444a494b06e704215a) Importer(815301076,1909f56bfc062723c751e8b465ee728b)
Start importing Assets/Scenes/Level 5.unity using Guid(a7dbef790719a1444a494b06e704215a) Importer(815301076,1909f56bfc062723c751e8b465ee728b)  -> (artifact id: 'f66c435255e4d9bffa30a98e187d45ec') in 0.012339 seconds
  Import took 0.016711 seconds .

========================================================================
Received Import Request.
  Time since last request: 398.893991 seconds.
  path: Assets/Scenes/Level 5.unity
  artifactKey: Guid(a7dbef790719a1444a494b06e704215a) Importer(815301076,1909f56bfc062723c751e8b465ee728b)
Start importing Assets/Scenes/Level 5.unity using Guid(a7dbef790719a1444a494b06e704215a) Importer(815301076,1909f56bfc062723c751e8b465ee728b)  -> (artifact id: 'd7ce962162b0e2ddfe22ad99ada88494') in 0.009762 seconds
  Import took 0.017381 seconds .

========================================================================
Received Prepare
Registering precompiled user dll's ...
Registered in 0.001832 seconds.
Begin MonoManager ReloadAssembly
Native extension for WindowsStandalone target not found
Native extension for WebGL target not found
Refreshing native plugins compatible for Editor in 0.91 ms, found 1 plugins.
Preloading 0 native plugins for Editor in 0.00 ms.
Invoked RoslynAnalysisRunner static constructor.
RoslynAnalysisRunner will not be running.
RoslynAnalysisRunner has terminated.
Mono: successfully reloaded assembly
- Completed reload, in  1.464 seconds
Platform modules already initialized, skipping
Switching build target platform(5) subTarget(0) extendedPlatform(0) -> platform(13) subTarget(537395200) extendedPlatform(0)
Refreshing native plugins compatible for Editor in 0.42 ms, found 1 plugins.
Preloading 0 native plugins for Editor in 0.00 ms.
Unloading 1818 Unused Serialized files (Serialized files now loaded: 0)
System memory in use before: 89.1 MB.
System memory in use after: 89.1 MB.

Unloading 12 unused Assets to reduce memory usage. Loaded Objects now: 2350.
Total: 10.815300 ms (FindLiveObjects: 0.795000 ms CreateObjectMapping: 0.157700 ms MarkObjects: 9.681300 ms  DeleteObjects: 0.179000 ms)

AssetImportParameters requested are different than current active one (requested -> active):
  custom:graphics/normal-map-encoding: 01000000000000000000000000000000 -> 02000000000000000000000000000000
========================================================================
Received Prepare
Refreshing native plugins compatible for Editor in 2.02 ms, found 1 plugins.
Preloading 0 native plugins for Editor in 0.00 ms.
Unloading 10 Unused Serialized files (Serialized files now loaded: 0)
System memory in use before: 53.5 MB.
System memory in use after: 53.5 MB.

Unloading 10 unused Assets to reduce memory usage. Loaded Objects now: 2350.
Total: 2.654400 ms (FindLiveObjects: 0.396900 ms CreateObjectMapping: 0.144700 ms MarkObjects: 1.976900 ms  DeleteObjects: 0.134000 ms)

AssetImportWorkerClient::OnTransportError - code=2 error=End of file
