Using pre-set license
Built from '2020.3/release' branch; Version is '2020.3.1f1 (77a89f25062f) revision 7841951'; Using compiler version '192528614'; Build Type 'Release'
OS: 'Windows 10 Pro; OS build 19042.1526; Version 2009; 64bit' Language: 'en' Physical Memory: 16303 MB
BatchMode: 1, IsHumanControllingUs: 0, StartBugReporterOnCrash: 0, Is64bit: 1, IsPro: 0

 COMMAND LINE ARGUMENTS:
D:\Tools\UnityEditors\2020.3.1f1\Editor\Unity.exe
-adb2
-batchMode
-noUpm
-name
AssetImportWorker0
-projectPath
C:/Users/Pavlo/source/repos/platformer_game_FUGAS
-logFile
Logs/AssetImportWorker0.log
-srvPort
64230
Successfully changed project path to: C:/Users/Pavlo/source/repos/platformer_game_FUGAS
C:/Users/Pavlo/source/repos/platformer_game_FUGAS
Using Asset Import Pipeline V2.
Refreshing native plugins compatible for Editor in 67.40 ms, found 1 plugins.
Preloading 0 native plugins for Editor in 0.00 ms.
Initialize engine version: 2020.3.1f1 (77a89f25062f)
[Subsystems] Discovering subsystems at path D:/Tools/UnityEditors/2020.3.1f1/Editor/Data/Resources/UnitySubsystems
[Subsystems] Discovering subsystems at path C:/Users/Pavlo/source/repos/platformer_game_FUGAS/Assets
GfxDevice: creating device client; threaded=0
Direct3D:
    Version:  Direct3D 11.0 [level 11.1]
    Renderer: NVIDIA GeForce GTX 1050 (ID=0x1c8d)
    Vendor:   
    VRAM:     1977 MB
    Driver:   30.0.14.9709
Initialize mono
Mono path[0] = 'D:/Tools/UnityEditors/2020.3.1f1/Editor/Data/Managed'
Mono path[1] = 'D:/Tools/UnityEditors/2020.3.1f1/Editor/Data/MonoBleedingEdge/lib/mono/unityjit'
Mono config path = 'D:/Tools/UnityEditors/2020.3.1f1/Editor/Data/MonoBleedingEdge/etc'
Using monoOptions --debugger-agent=transport=dt_socket,embedding=1,server=y,suspend=n,address=127.0.0.1:56296
Begin MonoManager ReloadAssembly
Registering precompiled unity dll's ...
Register platform support module: D:/Tools/UnityEditors/2020.3.1f1/Editor/Data/PlaybackEngines/WebGLSupport/UnityEditor.WebGL.Extensions.dll
Register platform support module: D:/Tools/UnityEditors/2020.3.1f1/Editor/Data/PlaybackEngines/WindowsStandaloneSupport/UnityEditor.WindowsStandalone.Extensions.dll
Registered in 0.001593 seconds.
Native extension for WindowsStandalone target not found
Native extension for WebGL target not found
Refreshing native plugins compatible for Editor in 41.78 ms, found 1 plugins.
Preloading 0 native plugins for Editor in 0.00 ms.
Invoked RoslynAnalysisRunner static constructor.
RoslynAnalysisRunner will not be running.
RoslynAnalysisRunner has terminated.
Mono: successfully reloaded assembly
- Completed reload, in  2.540 seconds
Platform modules already initialized, skipping
Registering precompiled user dll's ...
Registered in 0.004595 seconds.
Begin MonoManager ReloadAssembly
Native extension for WindowsStandalone target not found
Native extension for WebGL target not found
Refreshing native plugins compatible for Editor in 44.04 ms, found 1 plugins.
Preloading 0 native plugins for Editor in 0.00 ms.
Invoked RoslynAnalysisRunner static constructor.
RoslynAnalysisRunner will not be running.
RoslynAnalysisRunner has terminated.
Mono: successfully reloaded assembly
- Completed reload, in  1.040 seconds
Platform modules already initialized, skipping
========================================================================
Worker process is ready to serve import requests
Launched and connected shader compiler UnityShaderCompiler.exe after 0.08 seconds
Refreshing native plugins compatible for Editor in 0.66 ms, found 1 plugins.
Preloading 0 native plugins for Editor in 0.00 ms.
Unloading 1810 Unused Serialized files (Serialized files now loaded: 0)
System memory in use before: 85.4 MB.
System memory in use after: 85.4 MB.

Unloading 24 unused Assets to reduce memory usage. Loaded Objects now: 2255.
Total: 3.393500 ms (FindLiveObjects: 0.504500 ms CreateObjectMapping: 0.124800 ms MarkObjects: 2.622700 ms  DeleteObjects: 0.139700 ms)

========================================================================
Received Import Request.
  path: Assets/Scenes/MainMenu.unity
  artifactKey: Guid(8019f8b814b3c8640a6418be881ebbfa) Importer(815301076,1909f56bfc062723c751e8b465ee728b)
Start importing Assets/Scenes/MainMenu.unity using Guid(8019f8b814b3c8640a6418be881ebbfa) Importer(815301076,1909f56bfc062723c751e8b465ee728b)  -> (artifact id: 'c89bfd7705e1325ecbef7eb89d35a687') in 0.025116 seconds
  Import took 0.028876 seconds .

========================================================================
Received Import Request.
  Time since last request: 109.313656 seconds.
  path: Assets/Art/GUI
  artifactKey: Guid(41f09bf157ba0f44e80a72f513e5bebf) Importer(815301076,1909f56bfc062723c751e8b465ee728b)
Start importing Assets/Art/GUI using Guid(41f09bf157ba0f44e80a72f513e5bebf) Importer(815301076,1909f56bfc062723c751e8b465ee728b)  -> (artifact id: 'd126d4415f2e5d0fdca4b64ad3711eb1') in 0.011196 seconds
  Import took 0.016193 seconds .

========================================================================
Received Prepare
Registering precompiled user dll's ...
Registered in 0.001043 seconds.
Begin MonoManager ReloadAssembly
Native extension for WindowsStandalone target not found
Native extension for WebGL target not found
Refreshing native plugins compatible for Editor in 0.65 ms, found 1 plugins.
Preloading 0 native plugins for Editor in 0.00 ms.
Invoked RoslynAnalysisRunner static constructor.
RoslynAnalysisRunner will not be running.
RoslynAnalysisRunner has terminated.
Mono: successfully reloaded assembly
- Completed reload, in  1.161 seconds
Platform modules already initialized, skipping
Refreshing native plugins compatible for Editor in 0.41 ms, found 1 plugins.
Preloading 0 native plugins for Editor in 0.00 ms.
Unloading 1805 Unused Serialized files (Serialized files now loaded: 0)
System memory in use before: 85.4 MB.
System memory in use after: 85.4 MB.

Unloading 12 unused Assets to reduce memory usage. Loaded Objects now: 2259.
Total: 2.829900 ms (FindLiveObjects: 0.275400 ms CreateObjectMapping: 0.104400 ms MarkObjects: 2.303700 ms  DeleteObjects: 0.144900 ms)

========================================================================
Received Prepare
Registering precompiled user dll's ...
Registered in 0.001099 seconds.
Begin MonoManager ReloadAssembly
Native extension for WindowsStandalone target not found
Native extension for WebGL target not found
Refreshing native plugins compatible for Editor in 0.41 ms, found 1 plugins.
Preloading 0 native plugins for Editor in 0.00 ms.
Invoked RoslynAnalysisRunner static constructor.
RoslynAnalysisRunner will not be running.
RoslynAnalysisRunner has terminated.
Mono: successfully reloaded assembly
- Completed reload, in  0.918 seconds
Platform modules already initialized, skipping
Refreshing native plugins compatible for Editor in 0.75 ms, found 1 plugins.
Preloading 0 native plugins for Editor in 0.00 ms.
Unloading 1805 Unused Serialized files (Serialized files now loaded: 0)
System memory in use before: 85.4 MB.
System memory in use after: 85.4 MB.

Unloading 12 unused Assets to reduce memory usage. Loaded Objects now: 2263.
Total: 3.518200 ms (FindLiveObjects: 0.302400 ms CreateObjectMapping: 0.120100 ms MarkObjects: 2.969700 ms  DeleteObjects: 0.120700 ms)

========================================================================
Received Prepare
Registering precompiled user dll's ...
Registered in 0.001048 seconds.
Begin MonoManager ReloadAssembly
Native extension for WindowsStandalone target not found
Native extension for WebGL target not found
Refreshing native plugins compatible for Editor in 0.42 ms, found 1 plugins.
Preloading 0 native plugins for Editor in 0.00 ms.
Invoked RoslynAnalysisRunner static constructor.
RoslynAnalysisRunner will not be running.
RoslynAnalysisRunner has terminated.
Mono: successfully reloaded assembly
- Completed reload, in  1.070 seconds
Platform modules already initialized, skipping
Refreshing native plugins compatible for Editor in 1.02 ms, found 1 plugins.
Preloading 0 native plugins for Editor in 0.00 ms.
Unloading 1805 Unused Serialized files (Serialized files now loaded: 0)
System memory in use before: 85.4 MB.
System memory in use after: 85.4 MB.

Unloading 12 unused Assets to reduce memory usage. Loaded Objects now: 2267.
Total: 2.585000 ms (FindLiveObjects: 0.302100 ms CreateObjectMapping: 0.127800 ms MarkObjects: 2.038900 ms  DeleteObjects: 0.114400 ms)

========================================================================
Received Prepare
Registering precompiled user dll's ...
Registered in 0.001047 seconds.
Begin MonoManager ReloadAssembly
Native extension for WindowsStandalone target not found
Native extension for WebGL target not found
Refreshing native plugins compatible for Editor in 0.43 ms, found 1 plugins.
Preloading 0 native plugins for Editor in 0.00 ms.
Invoked RoslynAnalysisRunner static constructor.
RoslynAnalysisRunner will not be running.
RoslynAnalysisRunner has terminated.
Mono: successfully reloaded assembly
- Completed reload, in  1.049 seconds
Platform modules already initialized, skipping
Refreshing native plugins compatible for Editor in 0.45 ms, found 1 plugins.
Preloading 0 native plugins for Editor in 0.00 ms.
Unloading 1805 Unused Serialized files (Serialized files now loaded: 0)
System memory in use before: 85.5 MB.
System memory in use after: 85.4 MB.

Unloading 12 unused Assets to reduce memory usage. Loaded Objects now: 2271.
Total: 5.437900 ms (FindLiveObjects: 0.669800 ms CreateObjectMapping: 0.139000 ms MarkObjects: 4.437500 ms  DeleteObjects: 0.189600 ms)

========================================================================
Received Prepare
Registering precompiled user dll's ...
Registered in 0.001637 seconds.
Begin MonoManager ReloadAssembly
Native extension for WindowsStandalone target not found
Native extension for WebGL target not found
Refreshing native plugins compatible for Editor in 0.45 ms, found 1 plugins.
Preloading 0 native plugins for Editor in 0.00 ms.
Invoked RoslynAnalysisRunner static constructor.
RoslynAnalysisRunner will not be running.
RoslynAnalysisRunner has terminated.
Mono: successfully reloaded assembly
- Completed reload, in  1.304 seconds
Platform modules already initialized, skipping
Refreshing native plugins compatible for Editor in 0.43 ms, found 1 plugins.
Preloading 0 native plugins for Editor in 0.00 ms.
Unloading 1805 Unused Serialized files (Serialized files now loaded: 0)
System memory in use before: 85.5 MB.
System memory in use after: 85.5 MB.

Unloading 12 unused Assets to reduce memory usage. Loaded Objects now: 2275.
Total: 4.065400 ms (FindLiveObjects: 0.319500 ms CreateObjectMapping: 0.339400 ms MarkObjects: 3.246500 ms  DeleteObjects: 0.157700 ms)

========================================================================
Received Prepare
Registering precompiled user dll's ...
Registered in 0.001033 seconds.
Begin MonoManager ReloadAssembly
Native extension for WindowsStandalone target not found
Native extension for WebGL target not found
Refreshing native plugins compatible for Editor in 0.42 ms, found 1 plugins.
Preloading 0 native plugins for Editor in 0.00 ms.
Invoked RoslynAnalysisRunner static constructor.
RoslynAnalysisRunner will not be running.
RoslynAnalysisRunner has terminated.
Mono: successfully reloaded assembly
- Completed reload, in  1.113 seconds
Platform modules already initialized, skipping
Refreshing native plugins compatible for Editor in 0.44 ms, found 1 plugins.
Preloading 0 native plugins for Editor in 0.00 ms.
Unloading 1805 Unused Serialized files (Serialized files now loaded: 0)
System memory in use before: 85.5 MB.
System memory in use after: 85.5 MB.

Unloading 12 unused Assets to reduce memory usage. Loaded Objects now: 2279.
Total: 3.375800 ms (FindLiveObjects: 0.304700 ms CreateObjectMapping: 0.113700 ms MarkObjects: 2.819600 ms  DeleteObjects: 0.136000 ms)

========================================================================
Received Prepare
Registering precompiled user dll's ...
Registered in 0.001484 seconds.
Begin MonoManager ReloadAssembly
Native extension for WindowsStandalone target not found
Native extension for WebGL target not found
Refreshing native plugins compatible for Editor in 0.41 ms, found 1 plugins.
Preloading 0 native plugins for Editor in 0.00 ms.
Invoked RoslynAnalysisRunner static constructor.
RoslynAnalysisRunner will not be running.
RoslynAnalysisRunner has terminated.
Mono: successfully reloaded assembly
- Completed reload, in  1.019 seconds
Platform modules already initialized, skipping
Refreshing native plugins compatible for Editor in 0.44 ms, found 1 plugins.
Preloading 0 native plugins for Editor in 0.00 ms.
Unloading 1805 Unused Serialized files (Serialized files now loaded: 0)
System memory in use before: 85.5 MB.
System memory in use after: 85.5 MB.

Unloading 12 unused Assets to reduce memory usage. Loaded Objects now: 2283.
Total: 2.618500 ms (FindLiveObjects: 0.347800 ms CreateObjectMapping: 0.177900 ms MarkObjects: 1.977300 ms  DeleteObjects: 0.113400 ms)

========================================================================
Received Prepare
Registering precompiled user dll's ...
Registered in 0.001068 seconds.
Begin MonoManager ReloadAssembly
Native extension for WindowsStandalone target not found
Native extension for WebGL target not found
Refreshing native plugins compatible for Editor in 0.41 ms, found 1 plugins.
Preloading 0 native plugins for Editor in 0.00 ms.
Invoked RoslynAnalysisRunner static constructor.
RoslynAnalysisRunner will not be running.
RoslynAnalysisRunner has terminated.
Mono: successfully reloaded assembly
- Completed reload, in  0.962 seconds
Platform modules already initialized, skipping
Refreshing native plugins compatible for Editor in 0.44 ms, found 1 plugins.
Preloading 0 native plugins for Editor in 0.00 ms.
Unloading 1805 Unused Serialized files (Serialized files now loaded: 0)
System memory in use before: 85.5 MB.
System memory in use after: 85.5 MB.

Unloading 12 unused Assets to reduce memory usage. Loaded Objects now: 2287.
Total: 2.611900 ms (FindLiveObjects: 0.222600 ms CreateObjectMapping: 0.123900 ms MarkObjects: 2.072000 ms  DeleteObjects: 0.192200 ms)

========================================================================
Received Import Request.
  Time since last request: 2778.621267 seconds.
  path: Assets/Scenes/LevelMenu.unity
  artifactKey: Guid(f0f269f76bfd50b488e589a4349009fb) Importer(815301076,1909f56bfc062723c751e8b465ee728b)
Start importing Assets/Scenes/LevelMenu.unity using Guid(f0f269f76bfd50b488e589a4349009fb) Importer(815301076,1909f56bfc062723c751e8b465ee728b)  -> (artifact id: 'eff22dc1361050f7971a7055523fce2d') in 0.030904 seconds
  Import took 0.034943 seconds .

========================================================================
Received Import Request.
  Time since last request: 16.960874 seconds.
  path: Assets/Scenes/MainMenu.unity
  artifactKey: Guid(8019f8b814b3c8640a6418be881ebbfa) Importer(815301076,1909f56bfc062723c751e8b465ee728b)
Start importing Assets/Scenes/MainMenu.unity using Guid(8019f8b814b3c8640a6418be881ebbfa) Importer(815301076,1909f56bfc062723c751e8b465ee728b)  -> (artifact id: '78b398905c7e1dd3e16549bbf4e41e22') in 0.013475 seconds
  Import took 0.017766 seconds .

========================================================================
Received Import Request.
  Time since last request: 72.993231 seconds.
  path: Assets/Scenes/MainMenu 1.unity
  artifactKey: Guid(b6234e1d734b77f409175dc82edc7b86) Importer(815301076,1909f56bfc062723c751e8b465ee728b)
Start importing Assets/Scenes/MainMenu 1.unity using Guid(b6234e1d734b77f409175dc82edc7b86) Importer(815301076,1909f56bfc062723c751e8b465ee728b)  -> (artifact id: 'ab8a04015aa34fa96fa7026890d8e597') in 0.010888 seconds
  Import took 0.015215 seconds .

========================================================================
Received Import Request.
  Time since last request: 14.975198 seconds.
  path: Assets/Scenes/LevelMenu.unity
  artifactKey: Guid(b6234e1d734b77f409175dc82edc7b86) Importer(815301076,1909f56bfc062723c751e8b465ee728b)
Start importing Assets/Scenes/LevelMenu.unity using Guid(b6234e1d734b77f409175dc82edc7b86) Importer(815301076,1909f56bfc062723c751e8b465ee728b)  -> (artifact id: 'ffd70171939537b8f5c7b55457a9281e') in 0.006141 seconds
  Import took 0.010621 seconds .

========================================================================
Received Import Request.
  Time since last request: 13.765462 seconds.
  path: Assets/Scenes/MainMenu 1.unity
  artifactKey: Guid(abe35420b7c9c364ca25c1af12d94568) Importer(815301076,1909f56bfc062723c751e8b465ee728b)
Start importing Assets/Scenes/MainMenu 1.unity using Guid(abe35420b7c9c364ca25c1af12d94568) Importer(815301076,1909f56bfc062723c751e8b465ee728b)  -> (artifact id: '502b35773be5e7d4e4a1733a209beb57') in 0.005200 seconds
  Import took 0.010153 seconds .

========================================================================
Received Import Request.
  Time since last request: 10.373433 seconds.
  path: Assets/Scenes/LevelMenu.unity
  artifactKey: Guid(abe35420b7c9c364ca25c1af12d94568) Importer(815301076,1909f56bfc062723c751e8b465ee728b)
Start importing Assets/Scenes/LevelMenu.unity using Guid(abe35420b7c9c364ca25c1af12d94568) Importer(815301076,1909f56bfc062723c751e8b465ee728b)  -> (artifact id: 'dd3701225987d075067051b1737bcc70') in 0.005862 seconds
  Import took 0.011826 seconds .

========================================================================
Received Import Request.
  Time since last request: 25.808635 seconds.
  path: Assets/Scenes/MainMenu 1.unity
  artifactKey: Guid(447967c0ad2514f42823fddd1177ff3b) Importer(815301076,1909f56bfc062723c751e8b465ee728b)
Start importing Assets/Scenes/MainMenu 1.unity using Guid(447967c0ad2514f42823fddd1177ff3b) Importer(815301076,1909f56bfc062723c751e8b465ee728b)  -> (artifact id: '362f984823a0070276e8502096c6d2f9') in 0.005576 seconds
  Import took 0.009796 seconds .

========================================================================
Received Import Request.
  Time since last request: 82.368204 seconds.
  path: Assets/Scenes/LevelMenu.unity
  artifactKey: Guid(abe35420b7c9c364ca25c1af12d94568) Importer(815301076,1909f56bfc062723c751e8b465ee728b)
Start importing Assets/Scenes/LevelMenu.unity using Guid(abe35420b7c9c364ca25c1af12d94568) Importer(815301076,1909f56bfc062723c751e8b465ee728b)  -> (artifact id: '50d7e0cca2d3a7c9f85ff99d8a82b720') in 0.005924 seconds
  Import took 0.010902 seconds .

========================================================================
Received Prepare
Registering precompiled user dll's ...
Registered in 0.001106 seconds.
Begin MonoManager ReloadAssembly
Native extension for WindowsStandalone target not found
Native extension for WebGL target not found
Refreshing native plugins compatible for Editor in 0.41 ms, found 1 plugins.
Preloading 0 native plugins for Editor in 0.00 ms.
Invoked RoslynAnalysisRunner static constructor.
RoslynAnalysisRunner will not be running.
RoslynAnalysisRunner has terminated.
Mono: successfully reloaded assembly
- Completed reload, in  0.936 seconds
Platform modules already initialized, skipping
Refreshing native plugins compatible for Editor in 0.40 ms, found 1 plugins.
Preloading 0 native plugins for Editor in 0.00 ms.
Unloading 1805 Unused Serialized files (Serialized files now loaded: 0)
System memory in use before: 85.6 MB.
System memory in use after: 85.6 MB.

Unloading 12 unused Assets to reduce memory usage. Loaded Objects now: 2291.
Total: 2.578800 ms (FindLiveObjects: 0.320200 ms CreateObjectMapping: 0.182800 ms MarkObjects: 1.959200 ms  DeleteObjects: 0.115000 ms)

========================================================================
Received Import Request.
  Time since last request: 78.496192 seconds.
  path: Assets/Scenes/LevelMenu.unity
  artifactKey: Guid(447967c0ad2514f42823fddd1177ff3b) Importer(815301076,1909f56bfc062723c751e8b465ee728b)
Start importing Assets/Scenes/LevelMenu.unity using Guid(447967c0ad2514f42823fddd1177ff3b) Importer(815301076,1909f56bfc062723c751e8b465ee728b)  -> (artifact id: 'dfc97f79bdef44197fbc8a85b52c5ae0') in 0.018144 seconds
  Import took 0.027288 seconds .

========================================================================
Received Import Request.
  Time since last request: 18.053218 seconds.
  path: Assets/Scenes/LevelMenu.unity
  artifactKey: Guid(447967c0ad2514f42823fddd1177ff3b) Importer(815301076,1909f56bfc062723c751e8b465ee728b)
Start importing Assets/Scenes/LevelMenu.unity using Guid(447967c0ad2514f42823fddd1177ff3b) Importer(815301076,1909f56bfc062723c751e8b465ee728b)  -> (artifact id: 'b877e0624004dee9c853fb64da9333bb') in 0.007004 seconds
  Import took 0.011296 seconds .

========================================================================
Received Import Request.
  Time since last request: 14.604464 seconds.
  path: Assets/Scenes/MainMenu.unity
  artifactKey: Guid(8019f8b814b3c8640a6418be881ebbfa) Importer(815301076,1909f56bfc062723c751e8b465ee728b)
Start importing Assets/Scenes/MainMenu.unity using Guid(8019f8b814b3c8640a6418be881ebbfa) Importer(815301076,1909f56bfc062723c751e8b465ee728b)  -> (artifact id: 'e9416b363222325d9bcf4a53a0c6beee') in 0.014712 seconds
  Import took 0.029554 seconds .

AssetImportWorkerClient::OnTransportError - code=2 error=End of file
